---
  0 debug pnpm:scope: 
    selected: 1
    workspacePrefix: null
  1 info pnpm: 
    message: "A store server is running. All store manipulations are delegated to it."
    prefix: "/app"
  2 debug pnpm:package-json: 
    initial: 
      //1: "describes your app and its dependencies"
      //2: "https://docs.npmjs.com/files/package.json"
      //3: "updating this file will download and update your packages"
      name: "FCC-Advanced-Node-and-Express"
      author: 
        name: "http://github.com/JosephLivengood"
      version: "0.0.1"
      description: "What am I about?"
      main: "server.js"
      scripts: 
        start: "node server.js"
      dependencies: 
        express: "^4.14.1"
        cors: "^2.8.1"
        body-parser: "^1.16.0"
        mongodb: "^3.1.11"
        helmet: "^3.4.0"
        pug: "^2.0.3"
        passport: "^0.4.0"
        express-session: "^1.15.6"
        node: "^11.12.0"
        passport-local: "^1.0.0"
        bcrypt: "^3.0.4"
      engines: 
        node: "4.4.3"
      repository: 
        type: "git"
        url: "https://hyperdev.com/#!/project/welcome-project"
      keywords: 
        - "node"
        - "hyperdev"
        - "express"
      license: "MIT"
      readme: "**FreeCodeCamp**\nIntroduction to Advanced Node and Express Challenges"
      readmeFilename: "README.md"
      gitHead: "2e36b0049dacb05f40fbcf0431dd5156ffb319c7"
      _id: "FCC-Advanced-Node-and-Express@0.0.1"
    prefix: "/app"
  3 debug pnpm:stage: 
    prefix: "/app"
    stage: "resolution_started"
  4 debug pnpm:progress: 
    packageId: "registry.npmjs.org/express/4.16.4"
    requester: "/app"
    status: "resolved"
  5 debug pnpm:progress: 
    packageId: "registry.npmjs.org/cors/2.8.5"
    requester: "/app"
    status: "resolved"
  6 debug pnpm:progress: 
    packageId: "registry.npmjs.org/body-parser/1.18.3"
    requester: "/app"
    status: "resolved"
  7 debug pnpm:progress: 
    packageId: "registry.npmjs.org/mongodb/3.1.13"
    requester: "/app"
    status: "resolved"
  8 debug pnpm:progress: 
    packageId: "registry.npmjs.org/helmet/3.16.0"
    requester: "/app"
    status: "resolved"
  9 debug pnpm:progress: 
    packageId: "registry.npmjs.org/pug/2.0.3"
    requester: "/app"
    status: "resolved"
  10 debug pnpm:progress: 
    packageId: "registry.npmjs.org/passport/0.4.0"
    requester: "/app"
    status: "resolved"
  11 debug pnpm:progress: 
    packageId: "registry.npmjs.org/express-session/1.15.6"
    requester: "/app"
    status: "resolved"
  12 debug pnpm:progress: 
    packageId: "registry.npmjs.org/passport-local/1.0.0"
    requester: "/app"
    status: "resolved"
  13 debug pnpm:progress: 
    packageId: "registry.npmjs.org/node/11.12.0"
    requester: "/app"
    status: "resolved"
  14 debug pnpm:progress: 
    packageId: "registry.npmjs.org/bcrypt/3.0.4"
    requester: "/app"
    status: "resolved"
  15 debug pnpm:progress: 
    packageId: "registry.npmjs.org/accepts/1.3.5"
    requester: "/app"
    status: "resolved"
  16 debug pnpm:progress: 
    packageId: "registry.npmjs.org/array-flatten/1.1.1"
    requester: "/app"
    status: "resolved"
  17 debug pnpm:progress: 
    packageId: "registry.npmjs.org/content-disposition/0.5.2"
    requester: "/app"
    status: "resolved"
  18 debug pnpm:progress: 
    packageId: "registry.npmjs.org/content-type/1.0.4"
    requester: "/app"
    status: "resolved"
  19 debug pnpm:progress: 
    packageId: "registry.npmjs.org/cookie/0.3.1"
    requester: "/app"
    status: "resolved"
  20 debug pnpm:progress: 
    packageId: "registry.npmjs.org/cookie-signature/1.0.6"
    requester: "/app"
    status: "resolved"
  21 debug pnpm:progress: 
    packageId: "registry.npmjs.org/debug/2.6.9"
    requester: "/app"
    status: "resolved"
  22 debug pnpm:progress: 
    packageId: "registry.npmjs.org/depd/1.1.2"
    requester: "/app"
    status: "resolved"
  23 debug pnpm:progress: 
    packageId: "registry.npmjs.org/encodeurl/1.0.2"
    requester: "/app"
    status: "resolved"
  24 debug pnpm:progress: 
    packageId: "registry.npmjs.org/escape-html/1.0.3"
    requester: "/app"
    status: "resolved"
  25 debug pnpm:progress: 
    packageId: "registry.npmjs.org/etag/1.8.1"
    requester: "/app"
    status: "resolved"
  26 debug pnpm:progress: 
    packageId: "registry.npmjs.org/finalhandler/1.1.1"
    requester: "/app"
    status: "resolved"
  27 debug pnpm:progress: 
    packageId: "registry.npmjs.org/fresh/0.5.2"
    requester: "/app"
    status: "resolved"
  28 debug pnpm:progress: 
    packageId: "registry.npmjs.org/merge-descriptors/1.0.1"
    requester: "/app"
    status: "resolved"
  29 debug pnpm:progress: 
    packageId: "registry.npmjs.org/methods/1.1.2"
    requester: "/app"
    status: "resolved"
  30 debug pnpm:progress: 
    packageId: "registry.npmjs.org/on-finished/2.3.0"
    requester: "/app"
    status: "resolved"
  31 debug pnpm:progress: 
    packageId: "registry.npmjs.org/parseurl/1.3.2"
    requester: "/app"
    status: "resolved"
  32 debug pnpm:progress: 
    packageId: "registry.npmjs.org/path-to-regexp/0.1.7"
    requester: "/app"
    status: "resolved"
  33 debug pnpm:progress: 
    packageId: "registry.npmjs.org/proxy-addr/2.0.4"
    requester: "/app"
    status: "resolved"
  34 debug pnpm:progress: 
    packageId: "registry.npmjs.org/qs/6.5.2"
    requester: "/app"
    status: "resolved"
  35 debug pnpm:progress: 
    packageId: "registry.npmjs.org/range-parser/1.2.0"
    requester: "/app"
    status: "resolved"
  36 debug pnpm:progress: 
    packageId: "registry.npmjs.org/safe-buffer/5.1.2"
    requester: "/app"
    status: "resolved"
  37 debug pnpm:progress: 
    packageId: "registry.npmjs.org/send/0.16.2"
    requester: "/app"
    status: "resolved"
  38 debug pnpm:progress: 
    packageId: "registry.npmjs.org/serve-static/1.13.2"
    requester: "/app"
    status: "resolved"
  39 debug pnpm:progress: 
    packageId: "registry.npmjs.org/setprototypeof/1.1.0"
    requester: "/app"
    status: "resolved"
  40 debug pnpm:progress: 
    packageId: "registry.npmjs.org/cors/2.8.5"
    requester: "/app"
    status: "found_in_store"
  41 debug pnpm:progress: 
    packageId: "registry.npmjs.org/body-parser/1.18.3"
    requester: "/app"
    status: "found_in_store"
  42 debug pnpm:progress: 
    packageId: "registry.npmjs.org/helmet/3.16.0"
    requester: "/app"
    status: "found_in_store"
  43 debug pnpm:progress: 
    packageId: "registry.npmjs.org/passport/0.4.0"
    requester: "/app"
    status: "found_in_store"
  44 debug pnpm:progress: 
    packageId: "registry.npmjs.org/express-session/1.15.6"
    requester: "/app"
    status: "found_in_store"
  45 debug pnpm:progress: 
    packageId: "registry.npmjs.org/statuses/1.4.0"
    requester: "/app"
    status: "resolved"
  46 debug pnpm:progress: 
    packageId: "registry.npmjs.org/type-is/1.6.16"
    requester: "/app"
    status: "resolved"
  47 debug pnpm:progress: 
    packageId: "registry.npmjs.org/utils-merge/1.0.1"
    requester: "/app"
    status: "resolved"
  48 debug pnpm:progress: 
    packageId: "registry.npmjs.org/vary/1.1.2"
    requester: "/app"
    status: "resolved"
  49 debug pnpm:progress: 
    packageId: "registry.npmjs.org/object-assign/4.1.1"
    requester: "/app"
    status: "resolved"
  50 debug pnpm:progress: 
    packageId: "registry.npmjs.org/bytes/3.0.0"
    requester: "/app"
    status: "resolved"
  51 debug pnpm:progress: 
    packageId: "registry.npmjs.org/http-errors/1.6.3"
    requester: "/app"
    status: "resolved"
  52 debug pnpm:progress: 
    packageId: "registry.npmjs.org/iconv-lite/0.4.23"
    requester: "/app"
    status: "resolved"
  53 debug pnpm:progress: 
    packageId: "registry.npmjs.org/raw-body/2.3.3"
    requester: "/app"
    status: "resolved"
  54 debug pnpm:progress: 
    packageId: "registry.npmjs.org/mongodb-core/3.1.11"
    requester: "/app"
    status: "resolved"
  55 debug pnpm:progress: 
    packageId: "registry.npmjs.org/depd/2.0.0"
    requester: "/app"
    status: "resolved"
  56 debug pnpm:progress: 
    packageId: "registry.npmjs.org/dns-prefetch-control/0.1.0"
    requester: "/app"
    status: "resolved"
  57 debug pnpm:progress: 
    packageId: "registry.npmjs.org/dont-sniff-mimetype/1.0.0"
    requester: "/app"
    status: "resolved"
  58 debug pnpm:progress: 
    packageId: "registry.npmjs.org/expect-ct/0.1.1"
    requester: "/app"
    status: "resolved"
  59 debug pnpm:progress: 
    packageId: "registry.npmjs.org/feature-policy/0.2.0"
    requester: "/app"
    status: "resolved"
  60 debug pnpm:progress: 
    packageId: "registry.npmjs.org/frameguard/3.0.0"
    requester: "/app"
    status: "resolved"
  61 debug pnpm:progress: 
    packageId: "registry.npmjs.org/helmet-crossdomain/0.3.0"
    requester: "/app"
    status: "resolved"
  62 debug pnpm:progress: 
    packageId: "registry.npmjs.org/helmet-csp/2.7.1"
    requester: "/app"
    status: "resolved"
  63 debug pnpm:progress: 
    packageId: "registry.npmjs.org/hide-powered-by/1.0.0"
    requester: "/app"
    status: "resolved"
  64 debug pnpm:progress: 
    packageId: "registry.npmjs.org/hpkp/2.0.0"
    requester: "/app"
    status: "resolved"
  65 debug pnpm:progress: 
    packageId: "registry.npmjs.org/hsts/2.2.0"
    requester: "/app"
    status: "resolved"
  66 debug pnpm:progress: 
    packageId: "registry.npmjs.org/ienoopen/1.1.0"
    requester: "/app"
    status: "resolved"
  67 debug pnpm:progress: 
    packageId: "registry.npmjs.org/nocache/2.0.0"
    requester: "/app"
    status: "resolved"
  68 debug pnpm:progress: 
    packageId: "registry.npmjs.org/referrer-policy/1.1.0"
    requester: "/app"
    status: "resolved"
  69 debug pnpm:progress: 
    packageId: "registry.npmjs.org/x-xss-protection/1.1.0"
    requester: "/app"
    status: "resolved"
  70 debug pnpm:progress: 
    packageId: "registry.npmjs.org/pug-code-gen/2.0.1"
    requester: "/app"
    status: "resolved"
  71 debug pnpm:progress: 
    packageId: "registry.npmjs.org/pug-filters/3.1.0"
    requester: "/app"
    status: "resolved"
  72 debug pnpm:progress: 
    packageId: "registry.npmjs.org/pug-lexer/4.0.0"
    requester: "/app"
    status: "resolved"
  73 debug pnpm:progress: 
    packageId: "registry.npmjs.org/pug-linker/3.0.5"
    requester: "/app"
    status: "resolved"
  74 debug pnpm:progress: 
    packageId: "registry.npmjs.org/pug-load/2.0.11"
    requester: "/app"
    status: "resolved"
  75 debug pnpm:progress: 
    packageId: "registry.npmjs.org/pug-parser/5.0.0"
    requester: "/app"
    status: "resolved"
  76 debug pnpm:progress: 
    packageId: "registry.npmjs.org/pug-runtime/2.0.4"
    requester: "/app"
    status: "resolved"
  77 debug pnpm:progress: 
    packageId: "registry.npmjs.org/pug-strip-comments/1.0.3"
    requester: "/app"
    status: "resolved"
  78 debug pnpm:progress: 
    packageId: "registry.npmjs.org/passport-strategy/1.0.0"
    requester: "/app"
    status: "resolved"
  79 debug pnpm:progress: 
    packageId: "registry.npmjs.org/pause/0.0.1"
    requester: "/app"
    status: "resolved"
  80 debug pnpm:progress: 
    packageId: "registry.npmjs.org/crc/3.4.4"
    requester: "/app"
    status: "resolved"
  81 debug pnpm:progress: 
    packageId: "registry.npmjs.org/on-headers/1.0.2"
    requester: "/app"
    status: "resolved"
  82 debug pnpm:progress: 
    packageId: "registry.npmjs.org/uid-safe/2.1.5"
    requester: "/app"
    status: "resolved"
  83 debug pnpm:progress: 
    packageId: "registry.npmjs.org/node/11.12.0"
    requester: "/app"
    status: "found_in_store"
  84 debug pnpm:progress: 
    packageId: "registry.npmjs.org/passport-local/1.0.0"
    requester: "/app"
    status: "found_in_store"
  85 debug pnpm:progress: 
    packageId: "registry.npmjs.org/node-bin-setup/1.0.6"
    requester: "/app"
    status: "resolved"
  86 debug pnpm:progress: 
    packageId: "registry.npmjs.org/express/4.16.4"
    requester: "/app"
    status: "found_in_store"
  87 debug pnpm:progress: 
    packageId: "registry.npmjs.org/mime-types/2.1.22"
    requester: "/app"
    status: "resolved"
  88 debug pnpm:progress: 
    packageId: "registry.npmjs.org/negotiator/0.6.1"
    requester: "/app"
    status: "resolved"
  89 debug pnpm:progress: 
    packageId: "registry.npmjs.org/ms/2.0.0"
    requester: "/app"
    status: "resolved"
  90 debug pnpm:progress: 
    packageId: "registry.npmjs.org/unpipe/1.0.0"
    requester: "/app"
    status: "resolved"
  91 debug pnpm:progress: 
    packageId: "registry.npmjs.org/ee-first/1.1.1"
    requester: "/app"
    status: "resolved"
  92 debug pnpm:progress: 
    packageId: "registry.npmjs.org/forwarded/0.1.2"
    requester: "/app"
    status: "resolved"
  93 debug pnpm:progress: 
    packageId: "registry.npmjs.org/ipaddr.js/1.8.0"
    requester: "/app"
    status: "resolved"
  94 debug pnpm:progress: 
    packageId: "registry.npmjs.org/mongodb/3.1.13"
    requester: "/app"
    status: "found_in_store"
  95 debug pnpm:progress: 
    packageId: "registry.npmjs.org/array-flatten/1.1.1"
    requester: "/app"
    status: "found_in_store"
  96 debug pnpm:progress: 
    packageId: "registry.npmjs.org/destroy/1.0.4"
    requester: "/app"
    status: "resolved"
  97 debug pnpm:progress: 
    packageId: "registry.npmjs.org/mime/1.4.1"
    requester: "/app"
    status: "resolved"
  98 debug pnpm:progress: 
    packageId: "registry.npmjs.org/cookie-signature/1.0.6"
    requester: "/app"
    status: "found_in_store"
  99 debug pnpm:progress: 
    packageId: "registry.npmjs.org/accepts/1.3.5"
    requester: "/app"
    status: "found_in_store"
  100 debug pnpm:progress: 
    packageId: "registry.npmjs.org/content-type/1.0.4"
    requester: "/app"
    status: "found_in_store"
  101 debug pnpm:progress: 
    packageId: "registry.npmjs.org/encodeurl/1.0.2"
    requester: "/app"
    status: "found_in_store"
  102 debug pnpm:progress: 
    packageId: "registry.npmjs.org/escape-html/1.0.3"
    requester: "/app"
    status: "found_in_store"
  103 debug pnpm:progress: 
    packageId: "registry.npmjs.org/etag/1.8.1"
    requester: "/app"
    status: "found_in_store"
  104 debug pnpm:progress: 
    packageId: "registry.npmjs.org/finalhandler/1.1.1"
    requester: "/app"
    status: "found_in_store"
  105 debug pnpm:progress: 
    packageId: "registry.npmjs.org/merge-descriptors/1.0.1"
    requester: "/app"
    status: "found_in_store"
  106 debug pnpm:progress: 
    packageId: "registry.npmjs.org/methods/1.1.2"
    requester: "/app"
    status: "found_in_store"
  107 debug pnpm:progress: 
    packageId: "registry.npmjs.org/on-finished/2.3.0"
    requester: "/app"
    status: "found_in_store"
  108 debug pnpm:progress: 
    packageId: "registry.npmjs.org/parseurl/1.3.2"
    requester: "/app"
    status: "found_in_store"
  109 debug pnpm:progress: 
    packageId: "registry.npmjs.org/fresh/0.5.2"
    requester: "/app"
    status: "found_in_store"
  110 debug pnpm:progress: 
    packageId: "registry.npmjs.org/path-to-regexp/0.1.7"
    requester: "/app"
    status: "found_in_store"
  111 debug pnpm:progress: 
    packageId: "registry.npmjs.org/range-parser/1.2.0"
    requester: "/app"
    status: "found_in_store"
  112 debug pnpm:progress: 
    packageId: "registry.npmjs.org/proxy-addr/2.0.4"
    requester: "/app"
    status: "found_in_store"
  113 debug pnpm:progress: 
    packageId: "registry.npmjs.org/setprototypeof/1.1.0"
    requester: "/app"
    status: "found_in_store"
  114 debug pnpm:progress: 
    packageId: "registry.npmjs.org/cookie/0.3.1"
    requester: "/app"
    status: "found_in_store"
  115 debug pnpm:progress: 
    packageId: "registry.npmjs.org/content-disposition/0.5.2"
    requester: "/app"
    status: "found_in_store"
  116 debug pnpm:progress: 
    packageId: "registry.npmjs.org/depd/1.1.2"
    requester: "/app"
    status: "found_in_store"
  117 debug pnpm:progress: 
    packageId: "registry.npmjs.org/statuses/1.4.0"
    requester: "/app"
    status: "found_in_store"
  118 debug pnpm:progress: 
    packageId: "registry.npmjs.org/utils-merge/1.0.1"
    requester: "/app"
    status: "found_in_store"
  119 debug pnpm:progress: 
    packageId: "registry.npmjs.org/type-is/1.6.16"
    requester: "/app"
    status: "found_in_store"
  120 debug pnpm:progress: 
    packageId: "registry.npmjs.org/serve-static/1.13.2"
    requester: "/app"
    status: "found_in_store"
  121 debug pnpm:progress: 
    packageId: "registry.npmjs.org/vary/1.1.2"
    requester: "/app"
    status: "found_in_store"
  122 debug pnpm:progress: 
    packageId: "registry.npmjs.org/debug/2.6.9"
    requester: "/app"
    status: "found_in_store"
  123 debug pnpm:progress: 
    packageId: "registry.npmjs.org/safe-buffer/5.1.2"
    requester: "/app"
    status: "found_in_store"
  124 debug pnpm:progress: 
    packageId: "registry.npmjs.org/qs/6.5.2"
    requester: "/app"
    status: "found_in_store"
  125 debug pnpm:progress: 
    packageId: "registry.npmjs.org/send/0.16.2"
    requester: "/app"
    status: "found_in_store"
  126 debug pnpm:progress: 
    packageId: "registry.npmjs.org/bytes/3.0.0"
    requester: "/app"
    status: "found_in_store"
  127 debug pnpm:progress: 
    packageId: "registry.npmjs.org/object-assign/4.1.1"
    requester: "/app"
    status: "found_in_store"
  128 debug pnpm:progress: 
    packageId: "registry.npmjs.org/media-typer/0.3.0"
    requester: "/app"
    status: "resolved"
  129 debug pnpm:progress: 
    packageId: "registry.npmjs.org/http-errors/1.6.3"
    requester: "/app"
    status: "found_in_store"
  130 debug pnpm:progress: 
    packageId: "registry.npmjs.org/raw-body/2.3.3"
    requester: "/app"
    status: "found_in_store"
  131 debug pnpm:progress: 
    packageId: "registry.npmjs.org/depd/2.0.0"
    requester: "/app"
    status: "found_in_store"
  132 debug pnpm:progress: 
    packageId: "registry.npmjs.org/dns-prefetch-control/0.1.0"
    requester: "/app"
    status: "found_in_store"
  133 debug pnpm:progress: 
    packageId: "registry.npmjs.org/dont-sniff-mimetype/1.0.0"
    requester: "/app"
    status: "found_in_store"
  134 debug pnpm:progress: 
    packageId: "registry.npmjs.org/expect-ct/0.1.1"
    requester: "/app"
    status: "found_in_store"
  135 debug pnpm:progress: 
    packageId: "registry.npmjs.org/feature-policy/0.2.0"
    requester: "/app"
    status: "found_in_store"
  136 debug pnpm:progress: 
    packageId: "registry.npmjs.org/frameguard/3.0.0"
    requester: "/app"
    status: "found_in_store"
  137 debug pnpm:progress: 
    packageId: "registry.npmjs.org/helmet-crossdomain/0.3.0"
    requester: "/app"
    status: "found_in_store"
  138 debug pnpm:progress: 
    packageId: "registry.npmjs.org/helmet-csp/2.7.1"
    requester: "/app"
    status: "found_in_store"
  139 debug pnpm:progress: 
    packageId: "registry.npmjs.org/hide-powered-by/1.0.0"
    requester: "/app"
    status: "found_in_store"
  140 debug pnpm:progress: 
    packageId: "registry.npmjs.org/hpkp/2.0.0"
    requester: "/app"
    status: "found_in_store"
  141 debug pnpm:progress: 
    packageId: "registry.npmjs.org/hsts/2.2.0"
    requester: "/app"
    status: "found_in_store"
  142 debug pnpm:progress: 
    packageId: "registry.npmjs.org/ienoopen/1.1.0"
    requester: "/app"
    status: "found_in_store"
  143 debug pnpm:progress: 
    packageId: "registry.npmjs.org/nocache/2.0.0"
    requester: "/app"
    status: "found_in_store"
  144 debug pnpm:progress: 
    packageId: "registry.npmjs.org/referrer-policy/1.1.0"
    requester: "/app"
    status: "found_in_store"
  145 debug pnpm:progress: 
    packageId: "registry.npmjs.org/x-xss-protection/1.1.0"
    requester: "/app"
    status: "found_in_store"
  146 debug pnpm:progress: 
    packageId: "registry.npmjs.org/pug-code-gen/2.0.1"
    requester: "/app"
    status: "found_in_store"
  147 debug pnpm:progress: 
    packageId: "registry.npmjs.org/nan/2.12.1"
    requester: "/app"
    status: "resolved"
  148 debug pnpm:progress: 
    packageId: "registry.npmjs.org/inherits/2.0.3"
    requester: "/app"
    status: "resolved"
  149 debug pnpm:progress: 
    packageId: "registry.npmjs.org/statuses/1.5.0"
    requester: "/app"
    status: "resolved"
  150 debug pnpm:progress: 
    packageId: "registry.npmjs.org/pug-load/2.0.11"
    requester: "/app"
    status: "found_in_store"
  151 debug pnpm:progress: 
    packageId: "registry.npmjs.org/pug-runtime/2.0.4"
    requester: "/app"
    status: "found_in_store"
  152 debug pnpm:progress: 
    packageId: "registry.npmjs.org/pug-strip-comments/1.0.3"
    requester: "/app"
    status: "found_in_store"
  153 debug pnpm:progress: 
    packageId: "registry.npmjs.org/passport-strategy/1.0.0"
    requester: "/app"
    status: "found_in_store"
  154 debug pnpm:progress: 
    packageId: "registry.npmjs.org/pause/0.0.1"
    requester: "/app"
    status: "found_in_store"
  155 debug pnpm:progress: 
    packageId: "registry.npmjs.org/crc/3.4.4"
    requester: "/app"
    status: "found_in_store"
  156 debug pnpm:progress: 
    packageId: "registry.npmjs.org/on-headers/1.0.2"
    requester: "/app"
    status: "found_in_store"
  157 debug pnpm:progress: 
    packageId: "registry.npmjs.org/pug-filters/3.1.0"
    requester: "/app"
    status: "found_in_store"
  158 debug pnpm:progress: 
    packageId: "registry.npmjs.org/uid-safe/2.1.5"
    requester: "/app"
    status: "found_in_store"
  159 debug pnpm:progress: 
    packageId: "registry.npmjs.org/iconv-lite/0.4.23"
    requester: "/app"
    status: "found_in_store"
  160 debug pnpm:progress: 
    packageId: "registry.npmjs.org/safer-buffer/2.1.2"
    requester: "/app"
    status: "resolved"
  161 debug pnpm:progress: 
    packageId: "registry.npmjs.org/saslprep/1.0.2"
    requester: "/app"
    status: "resolved"
  162 debug pnpm:progress: 
    packageId: "registry.npmjs.org/mongodb-core/3.1.11"
    requester: "/app"
    status: "found_in_store"
  163 debug pnpm:progress: 
    packageId: "registry.npmjs.org/bson/1.1.1"
    requester: "/app"
    status: "resolved"
  164 debug pnpm:progress: 
    packageId: "registry.npmjs.org/require_optional/1.0.1"
    requester: "/app"
    status: "resolved"
  165 debug pnpm:progress: 
    packageId: "registry.npmjs.org/camelize/1.0.0"
    requester: "/app"
    status: "resolved"
  166 debug pnpm:progress: 
    packageId: "registry.npmjs.org/content-security-policy-builder/2.0.0"
    requester: "/app"
    status: "resolved"
  167 debug pnpm:progress: 
    packageId: "registry.npmjs.org/dasherize/2.0.0"
    requester: "/app"
    status: "resolved"
  168 debug pnpm:progress: 
    packageId: "registry.npmjs.org/platform/1.3.5"
    requester: "/app"
    status: "resolved"
  169 debug pnpm:progress: 
    packageId: "registry.npmjs.org/constantinople/3.1.2"
    requester: "/app"
    status: "resolved"
  170 debug pnpm:progress: 
    packageId: "registry.npmjs.org/doctypes/1.1.0"
    requester: "/app"
    status: "resolved"
  171 debug pnpm:progress: 
    packageId: "registry.npmjs.org/js-stringify/1.0.2"
    requester: "/app"
    status: "resolved"
  172 debug pnpm:progress: 
    packageId: "registry.npmjs.org/pug-attrs/2.0.3"
    requester: "/app"
    status: "resolved"
  173 debug pnpm:progress: 
    packageId: "registry.npmjs.org/pug-error/1.3.2"
    requester: "/app"
    status: "resolved"
  174 debug pnpm:progress: 
    packageId: "registry.npmjs.org/void-elements/2.0.1"
    requester: "/app"
    status: "resolved"
  175 debug pnpm:progress: 
    packageId: "registry.npmjs.org/with/5.1.1"
    requester: "/app"
    status: "resolved"
  176 debug pnpm:progress: 
    packageId: "registry.npmjs.org/clean-css/4.2.1"
    requester: "/app"
    status: "resolved"
  177 debug pnpm:progress: 
    packageId: "registry.npmjs.org/jstransformer/1.0.0"
    requester: "/app"
    status: "resolved"
  178 debug pnpm:progress: 
    packageId: "registry.npmjs.org/pug-walk/1.1.7"
    requester: "/app"
    status: "resolved"
  179 debug pnpm:progress: 
    packageId: "registry.npmjs.org/resolve/1.10.0"
    requester: "/app"
    status: "resolved"
  180 debug pnpm:progress: 
    packageId: "registry.npmjs.org/uglify-js/2.8.29"
    requester: "/app"
    status: "resolved"
  181 debug pnpm:progress: 
    packageId: "registry.npmjs.org/character-parser/2.2.0"
    requester: "/app"
    status: "resolved"
  182 debug pnpm:progress: 
    packageId: "registry.npmjs.org/is-expression/3.0.0"
    requester: "/app"
    status: "resolved"
  183 debug pnpm:progress: 
    packageId: "registry.npmjs.org/node-bin-setup/1.0.6"
    requester: "/app"
    status: "found_in_store"
  184 debug pnpm:progress: 
    packageId: "registry.npmjs.org/mime-types/2.1.22"
    requester: "/app"
    status: "found_in_store"
  185 debug pnpm:progress: 
    packageId: "registry.npmjs.org/negotiator/0.6.1"
    requester: "/app"
    status: "found_in_store"
  186 debug pnpm:progress: 
    packageId: "registry.npmjs.org/ms/2.0.0"
    requester: "/app"
    status: "found_in_store"
  187 debug pnpm:progress: 
    packageId: "registry.npmjs.org/token-stream/0.0.1"
    requester: "/app"
    status: "resolved"
  188 debug pnpm:progress: 
    packageId: "registry.npmjs.org/random-bytes/1.0.0"
    requester: "/app"
    status: "resolved"
  189 debug pnpm:progress: 
    packageId: "registry.npmjs.org/unpipe/1.0.0"
    requester: "/app"
    status: "found_in_store"
  190 debug pnpm:progress: 
    packageId: "registry.npmjs.org/ee-first/1.1.1"
    requester: "/app"
    status: "found_in_store"
  191 debug pnpm:progress: 
    packageId: "registry.npmjs.org/forwarded/0.1.2"
    requester: "/app"
    status: "found_in_store"
  192 debug pnpm:progress: 
    packageId: "registry.npmjs.org/ipaddr.js/1.8.0"
    requester: "/app"
    status: "found_in_store"
  193 debug pnpm:progress: 
    packageId: "registry.npmjs.org/destroy/1.0.4"
    requester: "/app"
    status: "found_in_store"
  194 debug pnpm:progress: 
    packageId: "registry.npmjs.org/mime/1.4.1"
    requester: "/app"
    status: "found_in_store"
  195 debug pnpm:progress: 
    packageId: "registry.npmjs.org/mime-db/1.38.0"
    requester: "/app"
    status: "resolved"
  196 debug pnpm:progress: 
    packageId: "registry.npmjs.org/media-typer/0.3.0"
    requester: "/app"
    status: "found_in_store"
  197 debug pnpm:progress: 
    packageId: "registry.npmjs.org/inherits/2.0.3"
    requester: "/app"
    status: "found_in_store"
  198 debug pnpm:progress: 
    packageId: "registry.npmjs.org/pug-linker/3.0.5"
    requester: "/app"
    status: "found_in_store"
  199 debug pnpm:progress: 
    packageId: "registry.npmjs.org/statuses/1.5.0"
    requester: "/app"
    status: "found_in_store"
  200 debug pnpm:progress: 
    packageId: "registry.npmjs.org/safer-buffer/2.1.2"
    requester: "/app"
    status: "found_in_store"
  201 debug pnpm:progress: 
    packageId: "registry.npmjs.org/require_optional/1.0.1"
    requester: "/app"
    status: "found_in_store"
  202 debug pnpm:progress: 
    packageId: "registry.npmjs.org/camelize/1.0.0"
    requester: "/app"
    status: "found_in_store"
  203 debug pnpm:progress: 
    packageId: "registry.npmjs.org/content-security-policy-builder/2.0.0"
    requester: "/app"
    status: "found_in_store"
  204 debug pnpm:progress: 
    packageId: "registry.npmjs.org/dasherize/2.0.0"
    requester: "/app"
    status: "found_in_store"
  205 debug pnpm:progress: 
    packageId: "registry.npmjs.org/platform/1.3.5"
    requester: "/app"
    status: "found_in_store"
  206 debug pnpm:progress: 
    packageId: "registry.npmjs.org/pug/2.0.3"
    requester: "/app"
    status: "found_in_store"
  207 debug pnpm:progress: 
    packageId: "registry.npmjs.org/nan/2.12.1"
    requester: "/app"
    status: "found_in_store"
  208 debug pnpm:progress: 
    packageId: "registry.npmjs.org/constantinople/3.1.2"
    requester: "/app"
    status: "found_in_store"
  209 debug pnpm:progress: 
    packageId: "registry.npmjs.org/doctypes/1.1.0"
    requester: "/app"
    status: "found_in_store"
  210 debug pnpm:progress: 
    packageId: "registry.npmjs.org/js-stringify/1.0.2"
    requester: "/app"
    status: "found_in_store"
  211 debug pnpm:progress: 
    packageId: "registry.npmjs.org/pug-attrs/2.0.3"
    requester: "/app"
    status: "found_in_store"
  212 debug pnpm:progress: 
    packageId: "registry.npmjs.org/pug-error/1.3.2"
    requester: "/app"
    status: "found_in_store"
  213 debug pnpm:progress: 
    packageId: "registry.npmjs.org/void-elements/2.0.1"
    requester: "/app"
    status: "found_in_store"
  214 debug pnpm:progress: 
    packageId: "registry.npmjs.org/with/5.1.1"
    requester: "/app"
    status: "found_in_store"
  215 debug pnpm:progress: 
    packageId: "registry.npmjs.org/jstransformer/1.0.0"
    requester: "/app"
    status: "found_in_store"
  216 debug pnpm:progress: 
    packageId: "registry.npmjs.org/pug-walk/1.1.7"
    requester: "/app"
    status: "found_in_store"
  217 debug pnpm:progress: 
    packageId: "registry.npmjs.org/resolve/1.10.0"
    requester: "/app"
    status: "found_in_store"
  218 debug pnpm:progress: 
    packageId: "registry.npmjs.org/resolve-from/2.0.0"
    requester: "/app"
    status: "resolved"
  219 debug pnpm:progress: 
    packageId: "registry.npmjs.org/semver/5.6.0"
    requester: "/app"
    status: "resolved"
  220 debug pnpm:progress: 
    packageId: "registry.npmjs.org/@types/babel-types/7.0.6"
    requester: "/app"
    status: "resolved"
  221 debug pnpm:progress: 
    packageId: "registry.npmjs.org/@types/babylon/6.16.5"
    requester: "/app"
    status: "resolved"
  222 debug pnpm:progress: 
    packageId: "registry.npmjs.org/babel-types/6.26.0"
    requester: "/app"
    status: "resolved"
  223 debug pnpm:progress: 
    packageId: "registry.npmjs.org/babylon/6.18.0"
    requester: "/app"
    status: "resolved"
  224 debug pnpm:progress: 
    packageId: "registry.npmjs.org/sparse-bitfield/3.0.3"
    requester: "/app"
    status: "resolved"
  225 debug pnpm:progress: 
    packageId: "registry.npmjs.org/character-parser/2.2.0"
    requester: "/app"
    status: "found_in_store"
  226 debug pnpm:progress: 
    packageId: "registry.npmjs.org/is-expression/3.0.0"
    requester: "/app"
    status: "found_in_store"
  227 debug pnpm:progress: 
    packageId: "registry.npmjs.org/clean-css/4.2.1"
    requester: "/app"
    status: "found_in_store"
  228 debug pnpm:progress: 
    packageId: "registry.npmjs.org/token-stream/0.0.1"
    requester: "/app"
    status: "found_in_store"
  229 debug pnpm:progress: 
    packageId: "registry.npmjs.org/random-bytes/1.0.0"
    requester: "/app"
    status: "found_in_store"
  230 debug pnpm:progress: 
    packageId: "registry.npmjs.org/mime-db/1.38.0"
    requester: "/app"
    status: "found_in_store"
  231 debug pnpm:progress: 
    packageId: "registry.npmjs.org/uglify-js/2.8.29"
    requester: "/app"
    status: "found_in_store"
  232 debug pnpm:progress: 
    packageId: "registry.npmjs.org/saslprep/1.0.2"
    requester: "/app"
    status: "found_in_store"
  233 debug pnpm:progress: 
    packageId: "registry.npmjs.org/pug-parser/5.0.0"
    requester: "/app"
    status: "found_in_store"
  234 debug pnpm:progress: 
    packageId: "registry.npmjs.org/bson/1.1.1"
    requester: "/app"
    status: "found_in_store"
  235 debug pnpm:progress: 
    packageId: "registry.npmjs.org/bcrypt/3.0.4"
    requester: "/app"
    status: "found_in_store"
  236 debug pnpm:progress: 
    packageId: "registry.npmjs.org/acorn/3.3.0"
    requester: "/app"
    status: "resolved"
  237 debug pnpm:progress: 
    packageId: "registry.npmjs.org/acorn-globals/3.1.0"
    requester: "/app"
    status: "resolved"
  238 debug pnpm:progress: 
    packageId: "registry.npmjs.org/source-map/0.6.1"
    requester: "/app"
    status: "resolved"
  239 debug pnpm:progress: 
    packageId: "registry.npmjs.org/is-promise/2.1.0"
    requester: "/app"
    status: "resolved"
  240 debug pnpm:progress: 
    packageId: "registry.npmjs.org/promise/7.3.1"
    requester: "/app"
    status: "resolved"
  241 debug pnpm:progress: 
    packageId: "registry.npmjs.org/path-parse/1.0.6"
    requester: "/app"
    status: "resolved"
  242 debug pnpm:progress: 
    packageId: "registry.npmjs.org/uglify-to-browserify/1.0.2"
    requester: "/app"
    status: "resolved"
  243 debug pnpm:progress: 
    packageId: "registry.npmjs.org/source-map/0.5.7"
    requester: "/app"
    status: "resolved"
  244 debug pnpm:progress: 
    packageId: "registry.npmjs.org/yargs/3.10.0"
    requester: "/app"
    status: "resolved"
  245 debug pnpm:progress: 
    packageId: "registry.npmjs.org/is-regex/1.0.4"
    requester: "/app"
    status: "resolved"
  246 debug pnpm:progress: 
    packageId: "registry.npmjs.org/acorn/4.0.13"
    requester: "/app"
    status: "resolved"
  247 debug pnpm:progress: 
    packageId: "registry.npmjs.org/resolve-from/2.0.0"
    requester: "/app"
    status: "found_in_store"
  248 debug pnpm:progress: 
    packageId: "registry.npmjs.org/semver/5.6.0"
    requester: "/app"
    status: "found_in_store"
  249 debug pnpm:progress: 
    packageId: "registry.npmjs.org/@types/babel-types/7.0.6"
    requester: "/app"
    status: "found_in_store"
  250 debug pnpm:progress: 
    packageId: "registry.npmjs.org/@types/babylon/6.16.5"
    requester: "/app"
    status: "found_in_store"
  251 debug pnpm:progress: 
    packageId: "registry.npmjs.org/babel-types/6.26.0"
    requester: "/app"
    status: "found_in_store"
  252 debug pnpm:progress: 
    packageId: "registry.npmjs.org/babylon/6.18.0"
    requester: "/app"
    status: "found_in_store"
  253 debug pnpm:progress: 
    packageId: "registry.npmjs.org/sparse-bitfield/3.0.3"
    requester: "/app"
    status: "found_in_store"
  254 debug pnpm:progress: 
    packageId: "registry.npmjs.org/pug-lexer/4.0.0"
    requester: "/app"
    status: "found_in_store"
  255 debug pnpm:progress: 
    packageId: "registry.npmjs.org/babel-runtime/6.26.0"
    requester: "/app"
    status: "resolved"
  256 debug pnpm:progress: 
    packageId: "registry.npmjs.org/esutils/2.0.2"
    requester: "/app"
    status: "resolved"
  257 debug pnpm:progress: 
    packageId: "registry.npmjs.org/lodash/4.17.11"
    requester: "/app"
    status: "resolved"
  258 debug pnpm:progress: 
    packageId: "registry.npmjs.org/to-fast-properties/1.0.3"
    requester: "/app"
    status: "resolved"
  259 debug pnpm:progress: 
    packageId: "registry.npmjs.org/memory-pager/1.5.0"
    requester: "/app"
    status: "resolved"
  260 debug pnpm:progress: 
    packageId: "registry.npmjs.org/acorn/3.3.0"
    requester: "/app"
    status: "found_in_store"
  261 debug pnpm:progress: 
    packageId: "registry.npmjs.org/acorn-globals/3.1.0"
    requester: "/app"
    status: "found_in_store"
  262 debug pnpm:progress: 
    packageId: "registry.npmjs.org/is-promise/2.1.0"
    requester: "/app"
    status: "found_in_store"
  263 debug pnpm:progress: 
    packageId: "registry.npmjs.org/promise/7.3.1"
    requester: "/app"
    status: "found_in_store"
  264 debug pnpm:progress: 
    packageId: "registry.npmjs.org/source-map/0.6.1"
    requester: "/app"
    status: "found_in_store"
  265 debug pnpm:progress: 
    packageId: "registry.npmjs.org/path-parse/1.0.6"
    requester: "/app"
    status: "found_in_store"
  266 debug pnpm:progress: 
    packageId: "registry.npmjs.org/uglify-to-browserify/1.0.2"
    requester: "/app"
    status: "found_in_store"
  267 debug pnpm:progress: 
    packageId: "registry.npmjs.org/source-map/0.5.7"
    requester: "/app"
    status: "found_in_store"
  268 debug pnpm:progress: 
    packageId: "registry.npmjs.org/yargs/3.10.0"
    requester: "/app"
    status: "found_in_store"
  269 debug pnpm:progress: 
    packageId: "registry.npmjs.org/is-regex/1.0.4"
    requester: "/app"
    status: "found_in_store"
  270 debug pnpm:progress: 
    packageId: "registry.npmjs.org/acorn/4.0.13"
    requester: "/app"
    status: "found_in_store"
  271 debug pnpm:progress: 
    packageId: "registry.npmjs.org/babel-runtime/6.26.0"
    requester: "/app"
    status: "found_in_store"
  272 debug pnpm:progress: 
    packageId: "registry.npmjs.org/esutils/2.0.2"
    requester: "/app"
    status: "found_in_store"
  273 debug pnpm:progress: 
    packageId: "registry.npmjs.org/to-fast-properties/1.0.3"
    requester: "/app"
    status: "found_in_store"
  274 debug pnpm:progress: 
    packageId: "registry.npmjs.org/memory-pager/1.5.0"
    requester: "/app"
    status: "found_in_store"
  275 debug pnpm:progress: 
    packageId: "registry.npmjs.org/asap/2.0.6"
    requester: "/app"
    status: "resolved"
  276 debug pnpm:progress: 
    packageId: "registry.npmjs.org/camelcase/1.2.1"
    requester: "/app"
    status: "resolved"
  277 debug pnpm:progress: 
    packageId: "registry.npmjs.org/cliui/2.1.0"
    requester: "/app"
    status: "resolved"
  278 debug pnpm:progress: 
    packageId: "registry.npmjs.org/decamelize/1.2.0"
    requester: "/app"
    status: "resolved"
  279 debug pnpm:progress: 
    packageId: "registry.npmjs.org/window-size/0.1.0"
    requester: "/app"
    status: "resolved"
  280 debug pnpm:progress: 
    packageId: "registry.npmjs.org/has/1.0.3"
    requester: "/app"
    status: "resolved"
  281 debug pnpm:progress: 
    packageId: "registry.npmjs.org/core-js/2.6.5"
    requester: "/app"
    status: "resolved"
  282 debug pnpm:progress: 
    packageId: "registry.npmjs.org/regenerator-runtime/0.11.1"
    requester: "/app"
    status: "resolved"
  283 debug pnpm:progress: 
    packageId: "registry.npmjs.org/center-align/0.1.3"
    requester: "/app"
    status: "resolved"
  284 debug pnpm:progress: 
    packageId: "registry.npmjs.org/right-align/0.1.3"
    requester: "/app"
    status: "resolved"
  285 debug pnpm:progress: 
    packageId: "registry.npmjs.org/wordwrap/0.0.2"
    requester: "/app"
    status: "resolved"
  286 debug pnpm:progress: 
    packageId: "registry.npmjs.org/function-bind/1.1.1"
    requester: "/app"
    status: "resolved"
  287 debug pnpm:progress: 
    packageId: "registry.npmjs.org/camelcase/1.2.1"
    requester: "/app"
    status: "found_in_store"
  288 debug pnpm:progress: 
    packageId: "registry.npmjs.org/decamelize/1.2.0"
    requester: "/app"
    status: "found_in_store"
  289 debug pnpm:progress: 
    packageId: "registry.npmjs.org/window-size/0.1.0"
    requester: "/app"
    status: "found_in_store"
  290 debug pnpm:progress: 
    packageId: "registry.npmjs.org/has/1.0.3"
    requester: "/app"
    status: "found_in_store"
  291 debug pnpm:progress: 
    packageId: "registry.npmjs.org/asap/2.0.6"
    requester: "/app"
    status: "found_in_store"
  292 debug pnpm:progress: 
    packageId: "registry.npmjs.org/cliui/2.1.0"
    requester: "/app"
    status: "found_in_store"
  293 debug pnpm:progress: 
    packageId: "registry.npmjs.org/regenerator-runtime/0.11.1"
    requester: "/app"
    status: "found_in_store"
  294 debug pnpm:progress: 
    packageId: "registry.npmjs.org/align-text/0.1.4"
    requester: "/app"
    status: "resolved"
  295 debug pnpm:progress: 
    packageId: "registry.npmjs.org/lazy-cache/1.0.4"
    requester: "/app"
    status: "resolved"
  296 debug pnpm:progress: 
    packageId: "registry.npmjs.org/center-align/0.1.3"
    requester: "/app"
    status: "found_in_store"
  297 debug pnpm:progress: 
    packageId: "registry.npmjs.org/right-align/0.1.3"
    requester: "/app"
    status: "found_in_store"
  298 debug pnpm:progress: 
    packageId: "registry.npmjs.org/kind-of/3.2.2"
    requester: "/app"
    status: "resolved"
  299 debug pnpm:progress: 
    packageId: "registry.npmjs.org/longest/1.0.1"
    requester: "/app"
    status: "resolved"
  300 debug pnpm:progress: 
    packageId: "registry.npmjs.org/function-bind/1.1.1"
    requester: "/app"
    status: "found_in_store"
  301 debug pnpm:progress: 
    packageId: "registry.npmjs.org/repeat-string/1.6.1"
    requester: "/app"
    status: "resolved"
  302 debug pnpm:progress: 
    packageId: "registry.npmjs.org/wordwrap/0.0.2"
    requester: "/app"
    status: "found_in_store"
  303 debug pnpm:progress: 
    packageId: "registry.npmjs.org/align-text/0.1.4"
    requester: "/app"
    status: "found_in_store"
  304 debug pnpm:progress: 
    packageId: "registry.npmjs.org/lazy-cache/1.0.4"
    requester: "/app"
    status: "found_in_store"
  305 debug pnpm:progress: 
    packageId: "registry.npmjs.org/is-buffer/1.1.6"
    requester: "/app"
    status: "resolved"
  306 debug pnpm:stage: 
    prefix: "/app"
    stage: "resolution_done"
  307 debug pnpm:package-json: 
    prefix: "/app"
    updated: 
      //1: "describes your app and its dependencies"
      //2: "https://docs.npmjs.com/files/package.json"
      //3: "updating this file will download and update your packages"
      name: "FCC-Advanced-Node-and-Express"
      author: 
        name: "http://github.com/JosephLivengood"
      version: "0.0.1"
      description: "What am I about?"
      main: "server.js"
      scripts: 
        start: "node server.js"
      dependencies: 
        express: "^4.14.1"
        cors: "^2.8.1"
        body-parser: "^1.16.0"
        mongodb: "^3.1.11"
        helmet: "^3.4.0"
        pug: "^2.0.3"
        passport: "^0.4.0"
        express-session: "^1.15.6"
        node: "^11.12.0"
        passport-local: "^1.0.0"
        bcrypt: "^3.0.4"
      engines: 
        node: "4.4.3"
      repository: 
        type: "git"
        url: "https://hyperdev.com/#!/project/welcome-project"
      keywords: 
        - "node"
        - "hyperdev"
        - "express"
      license: "MIT"
      readme: "**FreeCodeCamp**\nIntroduction to Advanced Node and Express Challenges"
      readmeFilename: "README.md"
      gitHead: "2e36b0049dacb05f40fbcf0431dd5156ffb319c7"
      _id: "FCC-Advanced-Node-and-Express@0.0.1"
  308 debug pnpm:progress: 
    packageId: "registry.npmjs.org/longest/1.0.1"
    requester: "/app"
    status: "found_in_store"
  309 debug pnpm:progress: 
    packageId: "registry.npmjs.org/kind-of/3.2.2"
    requester: "/app"
    status: "found_in_store"
  310 debug pnpm:progress: 
    packageId: "registry.npmjs.org/repeat-string/1.6.1"
    requester: "/app"
    status: "found_in_store"
  311 debug pnpm:progress: 
    packageId: "registry.npmjs.org/is-buffer/1.1.6"
    requester: "/app"
    status: "found_in_store"
  312 debug pnpm:stats: 
    prefix: "/app"
    removed: 0
  313 debug pnpm:progress: 
    packageId: "registry.npmjs.org/lodash/4.17.11"
    requester: "/app"
    status: "found_in_store"
  314 debug pnpm:stage: 
    prefix: "/app"
    stage: "importing_started"
  315 debug pnpm:stats: 
    added: 5
    prefix: "/app"
  316 debug pnpm:link: 
    target: "/rbd/pnpm-volume/2f585fda-dfbc-4b24-be0f-e7b4132d61a6/node_modules/.registry.npmjs.org/node-bin-setup/1.0.6/node_modules/node-bin-setup"
    link: "/rbd/pnpm-volume/2f585fda-dfbc-4b24-be0f-e7b4132d61a6/node_modules/.registry.npmjs.org/node/11.12.0/node_modules/node-bin-setup"
  317 debug pnpm:link: 
    target: "/rbd/pnpm-volume/2f585fda-dfbc-4b24-be0f-e7b4132d61a6/node_modules/.registry.npmjs.org/passport-strategy/1.0.0/node_modules/passport-strategy"
    link: "/rbd/pnpm-volume/2f585fda-dfbc-4b24-be0f-e7b4132d61a6/node_modules/.registry.npmjs.org/passport-local/1.0.0/node_modules/passport-strategy"
  318 debug pnpm:link: 
    target: "/rbd/pnpm-volume/2f585fda-dfbc-4b24-be0f-e7b4132d61a6/node_modules/.registry.npmjs.org/nan/2.12.1/node_modules/nan"
    link: "/rbd/pnpm-volume/2f585fda-dfbc-4b24-be0f-e7b4132d61a6/node_modules/.registry.npmjs.org/bcrypt/3.0.4/node_modules/nan"
  319 debug pnpm:progress: 
    packageId: "registry.npmjs.org/core-js/2.6.5"
    requester: "/app"
    status: "found_in_store"
  320 debug pnpm:stage: 
    prefix: "/app"
    stage: "importing_done"
  321 debug pnpm:link: 
    target: "/rbd/pnpm-volume/2f585fda-dfbc-4b24-be0f-e7b4132d61a6/node_modules/.registry.npmjs.org/express/4.16.4/node_modules/express"
    link: "/rbd/pnpm-volume/2f585fda-dfbc-4b24-be0f-e7b4132d61a6/node_modules/express"
  322 debug pnpm:link: 
    target: "/rbd/pnpm-volume/2f585fda-dfbc-4b24-be0f-e7b4132d61a6/node_modules/.registry.npmjs.org/cors/2.8.5/node_modules/cors"
    link: "/rbd/pnpm-volume/2f585fda-dfbc-4b24-be0f-e7b4132d61a6/node_modules/cors"
  323 debug pnpm:link: 
    target: "/rbd/pnpm-volume/2f585fda-dfbc-4b24-be0f-e7b4132d61a6/node_modules/.registry.npmjs.org/body-parser/1.18.3/node_modules/body-parser"
    link: "/rbd/pnpm-volume/2f585fda-dfbc-4b24-be0f-e7b4132d61a6/node_modules/body-parser"
  324 debug pnpm:link: 
    target: "/rbd/pnpm-volume/2f585fda-dfbc-4b24-be0f-e7b4132d61a6/node_modules/.registry.npmjs.org/mongodb/3.1.13/node_modules/mongodb"
    link: "/rbd/pnpm-volume/2f585fda-dfbc-4b24-be0f-e7b4132d61a6/node_modules/mongodb"
  325 debug pnpm:link: 
    target: "/rbd/pnpm-volume/2f585fda-dfbc-4b24-be0f-e7b4132d61a6/node_modules/.registry.npmjs.org/helmet/3.16.0/node_modules/helmet"
    link: "/rbd/pnpm-volume/2f585fda-dfbc-4b24-be0f-e7b4132d61a6/node_modules/helmet"
  326 debug pnpm:link: 
    target: "/rbd/pnpm-volume/2f585fda-dfbc-4b24-be0f-e7b4132d61a6/node_modules/.registry.npmjs.org/pug/2.0.3/node_modules/pug"
    link: "/rbd/pnpm-volume/2f585fda-dfbc-4b24-be0f-e7b4132d61a6/node_modules/pug"
  327 debug pnpm:link: 
    target: "/rbd/pnpm-volume/2f585fda-dfbc-4b24-be0f-e7b4132d61a6/node_modules/.registry.npmjs.org/passport/0.4.0/node_modules/passport"
    link: "/rbd/pnpm-volume/2f585fda-dfbc-4b24-be0f-e7b4132d61a6/node_modules/passport"
  328 debug pnpm:link: 
    target: "/rbd/pnpm-volume/2f585fda-dfbc-4b24-be0f-e7b4132d61a6/node_modules/.registry.npmjs.org/express-session/1.15.6/node_modules/express-session"
    link: "/rbd/pnpm-volume/2f585fda-dfbc-4b24-be0f-e7b4132d61a6/node_modules/express-session"
  329 debug pnpm:link: 
    target: "/rbd/pnpm-volume/2f585fda-dfbc-4b24-be0f-e7b4132d61a6/node_modules/.registry.npmjs.org/node/11.12.0/node_modules/node"
    link: "/rbd/pnpm-volume/2f585fda-dfbc-4b24-be0f-e7b4132d61a6/node_modules/node"
  330 debug pnpm:link: 
    target: "/rbd/pnpm-volume/2f585fda-dfbc-4b24-be0f-e7b4132d61a6/node_modules/.registry.npmjs.org/passport-local/1.0.0/node_modules/passport-local"
    link: "/rbd/pnpm-volume/2f585fda-dfbc-4b24-be0f-e7b4132d61a6/node_modules/passport-local"
  331 debug pnpm:link: 
    target: "/rbd/pnpm-volume/2f585fda-dfbc-4b24-be0f-e7b4132d61a6/node_modules/.registry.npmjs.org/bcrypt/3.0.4/node_modules/bcrypt"
    link: "/rbd/pnpm-volume/2f585fda-dfbc-4b24-be0f-e7b4132d61a6/node_modules/bcrypt"
  332 debug pnpm:root: 
    added: 
      dependencyType: "prod"
      id: "registry.npmjs.org/bcrypt/3.0.4"
      name: "bcrypt"
      realName: "bcrypt"
      version: "3.0.4"
    prefix: "/app"
  333 debug pnpm:link: 
    target: "/rbd/pnpm-volume/2f585fda-dfbc-4b24-be0f-e7b4132d61a6/node_modules/.registry.npmjs.org/accepts/1.3.5/node_modules/accepts"
    link: "/rbd/pnpm-volume/2f585fda-dfbc-4b24-be0f-e7b4132d61a6/node_modules/accepts"
  334 debug pnpm:link: 
    target: "/rbd/pnpm-volume/2f585fda-dfbc-4b24-be0f-e7b4132d61a6/node_modules/.registry.npmjs.org/array-flatten/1.1.1/node_modules/array-flatten"
    link: "/rbd/pnpm-volume/2f585fda-dfbc-4b24-be0f-e7b4132d61a6/node_modules/array-flatten"
  335 debug pnpm:link: 
    target: "/rbd/pnpm-volume/2f585fda-dfbc-4b24-be0f-e7b4132d61a6/node_modules/.registry.npmjs.org/bytes/3.0.0/node_modules/bytes"
    link: "/rbd/pnpm-volume/2f585fda-dfbc-4b24-be0f-e7b4132d61a6/node_modules/bytes"
  336 debug pnpm:link: 
    target: "/rbd/pnpm-volume/2f585fda-dfbc-4b24-be0f-e7b4132d61a6/node_modules/.registry.npmjs.org/content-disposition/0.5.2/node_modules/content-disposition"
    link: "/rbd/pnpm-volume/2f585fda-dfbc-4b24-be0f-e7b4132d61a6/node_modules/content-disposition"
  337 debug pnpm:link: 
    target: "/rbd/pnpm-volume/2f585fda-dfbc-4b24-be0f-e7b4132d61a6/node_modules/.registry.npmjs.org/content-type/1.0.4/node_modules/content-type"
    link: "/rbd/pnpm-volume/2f585fda-dfbc-4b24-be0f-e7b4132d61a6/node_modules/content-type"
  338 debug pnpm:link: 
    target: "/rbd/pnpm-volume/2f585fda-dfbc-4b24-be0f-e7b4132d61a6/node_modules/.registry.npmjs.org/cookie/0.3.1/node_modules/cookie"
    link: "/rbd/pnpm-volume/2f585fda-dfbc-4b24-be0f-e7b4132d61a6/node_modules/cookie"
  339 debug pnpm:link: 
    target: "/rbd/pnpm-volume/2f585fda-dfbc-4b24-be0f-e7b4132d61a6/node_modules/.registry.npmjs.org/cookie-signature/1.0.6/node_modules/cookie-signature"
    link: "/rbd/pnpm-volume/2f585fda-dfbc-4b24-be0f-e7b4132d61a6/node_modules/cookie-signature"
  340 debug pnpm:link: 
    target: "/rbd/pnpm-volume/2f585fda-dfbc-4b24-be0f-e7b4132d61a6/node_modules/.registry.npmjs.org/crc/3.4.4/node_modules/crc"
    link: "/rbd/pnpm-volume/2f585fda-dfbc-4b24-be0f-e7b4132d61a6/node_modules/crc"
  341 debug pnpm:link: 
    target: "/rbd/pnpm-volume/2f585fda-dfbc-4b24-be0f-e7b4132d61a6/node_modules/.registry.npmjs.org/debug/2.6.9/node_modules/debug"
    link: "/rbd/pnpm-volume/2f585fda-dfbc-4b24-be0f-e7b4132d61a6/node_modules/debug"
  342 debug pnpm:link: 
    target: "/rbd/pnpm-volume/2f585fda-dfbc-4b24-be0f-e7b4132d61a6/node_modules/.registry.npmjs.org/depd/1.1.2/node_modules/depd"
    link: "/rbd/pnpm-volume/2f585fda-dfbc-4b24-be0f-e7b4132d61a6/node_modules/depd"
  343 debug pnpm:link: 
    target: "/rbd/pnpm-volume/2f585fda-dfbc-4b24-be0f-e7b4132d61a6/node_modules/.registry.npmjs.org/dns-prefetch-control/0.1.0/node_modules/dns-prefetch-control"
    link: "/rbd/pnpm-volume/2f585fda-dfbc-4b24-be0f-e7b4132d61a6/node_modules/dns-prefetch-control"
  344 debug pnpm:link: 
    target: "/rbd/pnpm-volume/2f585fda-dfbc-4b24-be0f-e7b4132d61a6/node_modules/.registry.npmjs.org/dont-sniff-mimetype/1.0.0/node_modules/dont-sniff-mimetype"
    link: "/rbd/pnpm-volume/2f585fda-dfbc-4b24-be0f-e7b4132d61a6/node_modules/dont-sniff-mimetype"
  345 debug pnpm:link: 
    target: "/rbd/pnpm-volume/2f585fda-dfbc-4b24-be0f-e7b4132d61a6/node_modules/.registry.npmjs.org/encodeurl/1.0.2/node_modules/encodeurl"
    link: "/rbd/pnpm-volume/2f585fda-dfbc-4b24-be0f-e7b4132d61a6/node_modules/encodeurl"
  346 debug pnpm:link: 
    target: "/rbd/pnpm-volume/2f585fda-dfbc-4b24-be0f-e7b4132d61a6/node_modules/.registry.npmjs.org/escape-html/1.0.3/node_modules/escape-html"
    link: "/rbd/pnpm-volume/2f585fda-dfbc-4b24-be0f-e7b4132d61a6/node_modules/escape-html"
  347 debug pnpm:link: 
    target: "/rbd/pnpm-volume/2f585fda-dfbc-4b24-be0f-e7b4132d61a6/node_modules/.registry.npmjs.org/etag/1.8.1/node_modules/etag"
    link: "/rbd/pnpm-volume/2f585fda-dfbc-4b24-be0f-e7b4132d61a6/node_modules/etag"
  348 debug pnpm:link: 
    target: "/rbd/pnpm-volume/2f585fda-dfbc-4b24-be0f-e7b4132d61a6/node_modules/.registry.npmjs.org/expect-ct/0.1.1/node_modules/expect-ct"
    link: "/rbd/pnpm-volume/2f585fda-dfbc-4b24-be0f-e7b4132d61a6/node_modules/expect-ct"
  349 debug pnpm:link: 
    target: "/rbd/pnpm-volume/2f585fda-dfbc-4b24-be0f-e7b4132d61a6/node_modules/.registry.npmjs.org/feature-policy/0.2.0/node_modules/feature-policy"
    link: "/rbd/pnpm-volume/2f585fda-dfbc-4b24-be0f-e7b4132d61a6/node_modules/feature-policy"
  350 debug pnpm:link: 
    target: "/rbd/pnpm-volume/2f585fda-dfbc-4b24-be0f-e7b4132d61a6/node_modules/.registry.npmjs.org/finalhandler/1.1.1/node_modules/finalhandler"
    link: "/rbd/pnpm-volume/2f585fda-dfbc-4b24-be0f-e7b4132d61a6/node_modules/finalhandler"
  351 debug pnpm:link: 
    target: "/rbd/pnpm-volume/2f585fda-dfbc-4b24-be0f-e7b4132d61a6/node_modules/.registry.npmjs.org/frameguard/3.0.0/node_modules/frameguard"
    link: "/rbd/pnpm-volume/2f585fda-dfbc-4b24-be0f-e7b4132d61a6/node_modules/frameguard"
  352 debug pnpm:link: 
    target: "/rbd/pnpm-volume/2f585fda-dfbc-4b24-be0f-e7b4132d61a6/node_modules/.registry.npmjs.org/fresh/0.5.2/node_modules/fresh"
    link: "/rbd/pnpm-volume/2f585fda-dfbc-4b24-be0f-e7b4132d61a6/node_modules/fresh"
  353 debug pnpm:link: 
    target: "/rbd/pnpm-volume/2f585fda-dfbc-4b24-be0f-e7b4132d61a6/node_modules/.registry.npmjs.org/helmet-crossdomain/0.3.0/node_modules/helmet-crossdomain"
    link: "/rbd/pnpm-volume/2f585fda-dfbc-4b24-be0f-e7b4132d61a6/node_modules/helmet-crossdomain"
  354 debug pnpm:link: 
    target: "/rbd/pnpm-volume/2f585fda-dfbc-4b24-be0f-e7b4132d61a6/node_modules/.registry.npmjs.org/helmet-csp/2.7.1/node_modules/helmet-csp"
    link: "/rbd/pnpm-volume/2f585fda-dfbc-4b24-be0f-e7b4132d61a6/node_modules/helmet-csp"
  355 debug pnpm:link: 
    target: "/rbd/pnpm-volume/2f585fda-dfbc-4b24-be0f-e7b4132d61a6/node_modules/.registry.npmjs.org/hide-powered-by/1.0.0/node_modules/hide-powered-by"
    link: "/rbd/pnpm-volume/2f585fda-dfbc-4b24-be0f-e7b4132d61a6/node_modules/hide-powered-by"
  356 debug pnpm:link: 
    target: "/rbd/pnpm-volume/2f585fda-dfbc-4b24-be0f-e7b4132d61a6/node_modules/.registry.npmjs.org/hpkp/2.0.0/node_modules/hpkp"
    link: "/rbd/pnpm-volume/2f585fda-dfbc-4b24-be0f-e7b4132d61a6/node_modules/hpkp"
  357 debug pnpm:link: 
    target: "/rbd/pnpm-volume/2f585fda-dfbc-4b24-be0f-e7b4132d61a6/node_modules/.registry.npmjs.org/hsts/2.2.0/node_modules/hsts"
    link: "/rbd/pnpm-volume/2f585fda-dfbc-4b24-be0f-e7b4132d61a6/node_modules/hsts"
  358 debug pnpm:link: 
    target: "/rbd/pnpm-volume/2f585fda-dfbc-4b24-be0f-e7b4132d61a6/node_modules/.registry.npmjs.org/http-errors/1.6.3/node_modules/http-errors"
    link: "/rbd/pnpm-volume/2f585fda-dfbc-4b24-be0f-e7b4132d61a6/node_modules/http-errors"
  359 debug pnpm:link: 
    target: "/rbd/pnpm-volume/2f585fda-dfbc-4b24-be0f-e7b4132d61a6/node_modules/.registry.npmjs.org/iconv-lite/0.4.23/node_modules/iconv-lite"
    link: "/rbd/pnpm-volume/2f585fda-dfbc-4b24-be0f-e7b4132d61a6/node_modules/iconv-lite"
  360 debug pnpm:link: 
    target: "/rbd/pnpm-volume/2f585fda-dfbc-4b24-be0f-e7b4132d61a6/node_modules/.registry.npmjs.org/ienoopen/1.1.0/node_modules/ienoopen"
    link: "/rbd/pnpm-volume/2f585fda-dfbc-4b24-be0f-e7b4132d61a6/node_modules/ienoopen"
  361 debug pnpm:link: 
    target: "/rbd/pnpm-volume/2f585fda-dfbc-4b24-be0f-e7b4132d61a6/node_modules/.registry.npmjs.org/merge-descriptors/1.0.1/node_modules/merge-descriptors"
    link: "/rbd/pnpm-volume/2f585fda-dfbc-4b24-be0f-e7b4132d61a6/node_modules/merge-descriptors"
  362 debug pnpm:link: 
    target: "/rbd/pnpm-volume/2f585fda-dfbc-4b24-be0f-e7b4132d61a6/node_modules/.registry.npmjs.org/methods/1.1.2/node_modules/methods"
    link: "/rbd/pnpm-volume/2f585fda-dfbc-4b24-be0f-e7b4132d61a6/node_modules/methods"
  363 debug pnpm:link: 
    target: "/rbd/pnpm-volume/2f585fda-dfbc-4b24-be0f-e7b4132d61a6/node_modules/.registry.npmjs.org/mongodb-core/3.1.11/node_modules/mongodb-core"
    link: "/rbd/pnpm-volume/2f585fda-dfbc-4b24-be0f-e7b4132d61a6/node_modules/mongodb-core"
  364 debug pnpm:link: 
    target: "/rbd/pnpm-volume/2f585fda-dfbc-4b24-be0f-e7b4132d61a6/node_modules/.registry.npmjs.org/nan/2.12.1/node_modules/nan"
    link: "/rbd/pnpm-volume/2f585fda-dfbc-4b24-be0f-e7b4132d61a6/node_modules/nan"
  365 debug pnpm:link: 
    target: "/rbd/pnpm-volume/2f585fda-dfbc-4b24-be0f-e7b4132d61a6/node_modules/.registry.npmjs.org/nocache/2.0.0/node_modules/nocache"
    link: "/rbd/pnpm-volume/2f585fda-dfbc-4b24-be0f-e7b4132d61a6/node_modules/nocache"
  366 debug pnpm:link: 
    target: "/rbd/pnpm-volume/2f585fda-dfbc-4b24-be0f-e7b4132d61a6/node_modules/.registry.npmjs.org/node-bin-setup/1.0.6/node_modules/node-bin-setup"
    link: "/rbd/pnpm-volume/2f585fda-dfbc-4b24-be0f-e7b4132d61a6/node_modules/node-bin-setup"
  367 debug pnpm:link: 
    target: "/rbd/pnpm-volume/2f585fda-dfbc-4b24-be0f-e7b4132d61a6/node_modules/.registry.npmjs.org/object-assign/4.1.1/node_modules/object-assign"
    link: "/rbd/pnpm-volume/2f585fda-dfbc-4b24-be0f-e7b4132d61a6/node_modules/object-assign"
  368 debug pnpm:link: 
    target: "/rbd/pnpm-volume/2f585fda-dfbc-4b24-be0f-e7b4132d61a6/node_modules/.registry.npmjs.org/on-finished/2.3.0/node_modules/on-finished"
    link: "/rbd/pnpm-volume/2f585fda-dfbc-4b24-be0f-e7b4132d61a6/node_modules/on-finished"
  369 debug pnpm:link: 
    target: "/rbd/pnpm-volume/2f585fda-dfbc-4b24-be0f-e7b4132d61a6/node_modules/.registry.npmjs.org/on-headers/1.0.2/node_modules/on-headers"
    link: "/rbd/pnpm-volume/2f585fda-dfbc-4b24-be0f-e7b4132d61a6/node_modules/on-headers"
  370 debug pnpm:link: 
    target: "/rbd/pnpm-volume/2f585fda-dfbc-4b24-be0f-e7b4132d61a6/node_modules/.registry.npmjs.org/parseurl/1.3.2/node_modules/parseurl"
    link: "/rbd/pnpm-volume/2f585fda-dfbc-4b24-be0f-e7b4132d61a6/node_modules/parseurl"
  371 debug pnpm:link: 
    target: "/rbd/pnpm-volume/2f585fda-dfbc-4b24-be0f-e7b4132d61a6/node_modules/.registry.npmjs.org/passport-strategy/1.0.0/node_modules/passport-strategy"
    link: "/rbd/pnpm-volume/2f585fda-dfbc-4b24-be0f-e7b4132d61a6/node_modules/passport-strategy"
  372 debug pnpm:link: 
    target: "/rbd/pnpm-volume/2f585fda-dfbc-4b24-be0f-e7b4132d61a6/node_modules/.registry.npmjs.org/path-to-regexp/0.1.7/node_modules/path-to-regexp"
    link: "/rbd/pnpm-volume/2f585fda-dfbc-4b24-be0f-e7b4132d61a6/node_modules/path-to-regexp"
  373 debug pnpm:link: 
    target: "/rbd/pnpm-volume/2f585fda-dfbc-4b24-be0f-e7b4132d61a6/node_modules/.registry.npmjs.org/pause/0.0.1/node_modules/pause"
    link: "/rbd/pnpm-volume/2f585fda-dfbc-4b24-be0f-e7b4132d61a6/node_modules/pause"
  374 debug pnpm:link: 
    target: "/rbd/pnpm-volume/2f585fda-dfbc-4b24-be0f-e7b4132d61a6/node_modules/.registry.npmjs.org/proxy-addr/2.0.4/node_modules/proxy-addr"
    link: "/rbd/pnpm-volume/2f585fda-dfbc-4b24-be0f-e7b4132d61a6/node_modules/proxy-addr"
  375 debug pnpm:link: 
    target: "/rbd/pnpm-volume/2f585fda-dfbc-4b24-be0f-e7b4132d61a6/node_modules/.registry.npmjs.org/pug-code-gen/2.0.1/node_modules/pug-code-gen"
    link: "/rbd/pnpm-volume/2f585fda-dfbc-4b24-be0f-e7b4132d61a6/node_modules/pug-code-gen"
  376 debug pnpm:link: 
    target: "/rbd/pnpm-volume/2f585fda-dfbc-4b24-be0f-e7b4132d61a6/node_modules/.registry.npmjs.org/pug-filters/3.1.0/node_modules/pug-filters"
    link: "/rbd/pnpm-volume/2f585fda-dfbc-4b24-be0f-e7b4132d61a6/node_modules/pug-filters"
  377 debug pnpm:link: 
    target: "/rbd/pnpm-volume/2f585fda-dfbc-4b24-be0f-e7b4132d61a6/node_modules/.registry.npmjs.org/pug-lexer/4.0.0/node_modules/pug-lexer"
    link: "/rbd/pnpm-volume/2f585fda-dfbc-4b24-be0f-e7b4132d61a6/node_modules/pug-lexer"
  378 debug pnpm:link: 
    target: "/rbd/pnpm-volume/2f585fda-dfbc-4b24-be0f-e7b4132d61a6/node_modules/.registry.npmjs.org/pug-linker/3.0.5/node_modules/pug-linker"
    link: "/rbd/pnpm-volume/2f585fda-dfbc-4b24-be0f-e7b4132d61a6/node_modules/pug-linker"
  379 debug pnpm:link: 
    target: "/rbd/pnpm-volume/2f585fda-dfbc-4b24-be0f-e7b4132d61a6/node_modules/.registry.npmjs.org/pug-load/2.0.11/node_modules/pug-load"
    link: "/rbd/pnpm-volume/2f585fda-dfbc-4b24-be0f-e7b4132d61a6/node_modules/pug-load"
  380 debug pnpm:link: 
    target: "/rbd/pnpm-volume/2f585fda-dfbc-4b24-be0f-e7b4132d61a6/node_modules/.registry.npmjs.org/pug-parser/5.0.0/node_modules/pug-parser"
    link: "/rbd/pnpm-volume/2f585fda-dfbc-4b24-be0f-e7b4132d61a6/node_modules/pug-parser"
  381 debug pnpm:link: 
    target: "/rbd/pnpm-volume/2f585fda-dfbc-4b24-be0f-e7b4132d61a6/node_modules/.registry.npmjs.org/pug-runtime/2.0.4/node_modules/pug-runtime"
    link: "/rbd/pnpm-volume/2f585fda-dfbc-4b24-be0f-e7b4132d61a6/node_modules/pug-runtime"
  382 debug pnpm:link: 
    target: "/rbd/pnpm-volume/2f585fda-dfbc-4b24-be0f-e7b4132d61a6/node_modules/.registry.npmjs.org/pug-strip-comments/1.0.3/node_modules/pug-strip-comments"
    link: "/rbd/pnpm-volume/2f585fda-dfbc-4b24-be0f-e7b4132d61a6/node_modules/pug-strip-comments"
  383 debug pnpm:link: 
    target: "/rbd/pnpm-volume/2f585fda-dfbc-4b24-be0f-e7b4132d61a6/node_modules/.registry.npmjs.org/qs/6.5.2/node_modules/qs"
    link: "/rbd/pnpm-volume/2f585fda-dfbc-4b24-be0f-e7b4132d61a6/node_modules/qs"
  384 debug pnpm:link: 
    target: "/rbd/pnpm-volume/2f585fda-dfbc-4b24-be0f-e7b4132d61a6/node_modules/.registry.npmjs.org/range-parser/1.2.0/node_modules/range-parser"
    link: "/rbd/pnpm-volume/2f585fda-dfbc-4b24-be0f-e7b4132d61a6/node_modules/range-parser"
  385 debug pnpm:link: 
    target: "/rbd/pnpm-volume/2f585fda-dfbc-4b24-be0f-e7b4132d61a6/node_modules/.registry.npmjs.org/raw-body/2.3.3/node_modules/raw-body"
    link: "/rbd/pnpm-volume/2f585fda-dfbc-4b24-be0f-e7b4132d61a6/node_modules/raw-body"
  386 debug pnpm:link: 
    target: "/rbd/pnpm-volume/2f585fda-dfbc-4b24-be0f-e7b4132d61a6/node_modules/.registry.npmjs.org/referrer-policy/1.1.0/node_modules/referrer-policy"
    link: "/rbd/pnpm-volume/2f585fda-dfbc-4b24-be0f-e7b4132d61a6/node_modules/referrer-policy"
  387 debug pnpm:link: 
    target: "/rbd/pnpm-volume/2f585fda-dfbc-4b24-be0f-e7b4132d61a6/node_modules/.registry.npmjs.org/safe-buffer/5.1.2/node_modules/safe-buffer"
    link: "/rbd/pnpm-volume/2f585fda-dfbc-4b24-be0f-e7b4132d61a6/node_modules/safe-buffer"
  388 debug pnpm:link: 
    target: "/rbd/pnpm-volume/2f585fda-dfbc-4b24-be0f-e7b4132d61a6/node_modules/.registry.npmjs.org/send/0.16.2/node_modules/send"
    link: "/rbd/pnpm-volume/2f585fda-dfbc-4b24-be0f-e7b4132d61a6/node_modules/send"
  389 debug pnpm:link: 
    target: "/rbd/pnpm-volume/2f585fda-dfbc-4b24-be0f-e7b4132d61a6/node_modules/.registry.npmjs.org/serve-static/1.13.2/node_modules/serve-static"
    link: "/rbd/pnpm-volume/2f585fda-dfbc-4b24-be0f-e7b4132d61a6/node_modules/serve-static"
  390 debug pnpm:link: 
    target: "/rbd/pnpm-volume/2f585fda-dfbc-4b24-be0f-e7b4132d61a6/node_modules/.registry.npmjs.org/setprototypeof/1.1.0/node_modules/setprototypeof"
    link: "/rbd/pnpm-volume/2f585fda-dfbc-4b24-be0f-e7b4132d61a6/node_modules/setprototypeof"
  391 debug pnpm:link: 
    target: "/rbd/pnpm-volume/2f585fda-dfbc-4b24-be0f-e7b4132d61a6/node_modules/.registry.npmjs.org/statuses/1.4.0/node_modules/statuses"
    link: "/rbd/pnpm-volume/2f585fda-dfbc-4b24-be0f-e7b4132d61a6/node_modules/statuses"
  392 debug pnpm:link: 
    target: "/rbd/pnpm-volume/2f585fda-dfbc-4b24-be0f-e7b4132d61a6/node_modules/.registry.npmjs.org/type-is/1.6.16/node_modules/type-is"
    link: "/rbd/pnpm-volume/2f585fda-dfbc-4b24-be0f-e7b4132d61a6/node_modules/type-is"
  393 debug pnpm:link: 
    target: "/rbd/pnpm-volume/2f585fda-dfbc-4b24-be0f-e7b4132d61a6/node_modules/.registry.npmjs.org/uid-safe/2.1.5/node_modules/uid-safe"
    link: "/rbd/pnpm-volume/2f585fda-dfbc-4b24-be0f-e7b4132d61a6/node_modules/uid-safe"
  394 debug pnpm:link: 
    target: "/rbd/pnpm-volume/2f585fda-dfbc-4b24-be0f-e7b4132d61a6/node_modules/.registry.npmjs.org/utils-merge/1.0.1/node_modules/utils-merge"
    link: "/rbd/pnpm-volume/2f585fda-dfbc-4b24-be0f-e7b4132d61a6/node_modules/utils-merge"
  395 debug pnpm:link: 
    target: "/rbd/pnpm-volume/2f585fda-dfbc-4b24-be0f-e7b4132d61a6/node_modules/.registry.npmjs.org/vary/1.1.2/node_modules/vary"
    link: "/rbd/pnpm-volume/2f585fda-dfbc-4b24-be0f-e7b4132d61a6/node_modules/vary"
  396 debug pnpm:link: 
    target: "/rbd/pnpm-volume/2f585fda-dfbc-4b24-be0f-e7b4132d61a6/node_modules/.registry.npmjs.org/x-xss-protection/1.1.0/node_modules/x-xss-protection"
    link: "/rbd/pnpm-volume/2f585fda-dfbc-4b24-be0f-e7b4132d61a6/node_modules/x-xss-protection"
  397 debug pnpm:link: 
    target: "/rbd/pnpm-volume/2f585fda-dfbc-4b24-be0f-e7b4132d61a6/node_modules/.registry.npmjs.org/bson/1.1.1/node_modules/bson"
    link: "/rbd/pnpm-volume/2f585fda-dfbc-4b24-be0f-e7b4132d61a6/node_modules/bson"
  398 debug pnpm:link: 
    target: "/rbd/pnpm-volume/2f585fda-dfbc-4b24-be0f-e7b4132d61a6/node_modules/.registry.npmjs.org/camelize/1.0.0/node_modules/camelize"
    link: "/rbd/pnpm-volume/2f585fda-dfbc-4b24-be0f-e7b4132d61a6/node_modules/camelize"
  399 debug pnpm:link: 
    target: "/rbd/pnpm-volume/2f585fda-dfbc-4b24-be0f-e7b4132d61a6/node_modules/.registry.npmjs.org/character-parser/2.2.0/node_modules/character-parser"
    link: "/rbd/pnpm-volume/2f585fda-dfbc-4b24-be0f-e7b4132d61a6/node_modules/character-parser"
  400 debug pnpm:link: 
    target: "/rbd/pnpm-volume/2f585fda-dfbc-4b24-be0f-e7b4132d61a6/node_modules/.registry.npmjs.org/clean-css/4.2.1/node_modules/clean-css"
    link: "/rbd/pnpm-volume/2f585fda-dfbc-4b24-be0f-e7b4132d61a6/node_modules/clean-css"
  401 debug pnpm:link: 
    target: "/rbd/pnpm-volume/2f585fda-dfbc-4b24-be0f-e7b4132d61a6/node_modules/.registry.npmjs.org/constantinople/3.1.2/node_modules/constantinople"
    link: "/rbd/pnpm-volume/2f585fda-dfbc-4b24-be0f-e7b4132d61a6/node_modules/constantinople"
  402 debug pnpm:link: 
    target: "/rbd/pnpm-volume/2f585fda-dfbc-4b24-be0f-e7b4132d61a6/node_modules/.registry.npmjs.org/content-security-policy-builder/2.0.0/node_modules/content-security-policy-builder"
    link: "/rbd/pnpm-volume/2f585fda-dfbc-4b24-be0f-e7b4132d61a6/node_modules/content-security-policy-builder"
  403 debug pnpm:link: 
    target: "/rbd/pnpm-volume/2f585fda-dfbc-4b24-be0f-e7b4132d61a6/node_modules/.registry.npmjs.org/dasherize/2.0.0/node_modules/dasherize"
    link: "/rbd/pnpm-volume/2f585fda-dfbc-4b24-be0f-e7b4132d61a6/node_modules/dasherize"
  404 debug pnpm:link: 
    target: "/rbd/pnpm-volume/2f585fda-dfbc-4b24-be0f-e7b4132d61a6/node_modules/.registry.npmjs.org/destroy/1.0.4/node_modules/destroy"
    link: "/rbd/pnpm-volume/2f585fda-dfbc-4b24-be0f-e7b4132d61a6/node_modules/destroy"
  405 debug pnpm:link: 
    target: "/rbd/pnpm-volume/2f585fda-dfbc-4b24-be0f-e7b4132d61a6/node_modules/.registry.npmjs.org/doctypes/1.1.0/node_modules/doctypes"
    link: "/rbd/pnpm-volume/2f585fda-dfbc-4b24-be0f-e7b4132d61a6/node_modules/doctypes"
  406 debug pnpm:link: 
    target: "/rbd/pnpm-volume/2f585fda-dfbc-4b24-be0f-e7b4132d61a6/node_modules/.registry.npmjs.org/ee-first/1.1.1/node_modules/ee-first"
    link: "/rbd/pnpm-volume/2f585fda-dfbc-4b24-be0f-e7b4132d61a6/node_modules/ee-first"
  407 debug pnpm:link: 
    target: "/rbd/pnpm-volume/2f585fda-dfbc-4b24-be0f-e7b4132d61a6/node_modules/.registry.npmjs.org/forwarded/0.1.2/node_modules/forwarded"
    link: "/rbd/pnpm-volume/2f585fda-dfbc-4b24-be0f-e7b4132d61a6/node_modules/forwarded"
  408 debug pnpm:link: 
    target: "/rbd/pnpm-volume/2f585fda-dfbc-4b24-be0f-e7b4132d61a6/node_modules/.registry.npmjs.org/inherits/2.0.3/node_modules/inherits"
    link: "/rbd/pnpm-volume/2f585fda-dfbc-4b24-be0f-e7b4132d61a6/node_modules/inherits"
  409 debug pnpm:link: 
    target: "/rbd/pnpm-volume/2f585fda-dfbc-4b24-be0f-e7b4132d61a6/node_modules/.registry.npmjs.org/ipaddr.js/1.8.0/node_modules/ipaddr.js"
    link: "/rbd/pnpm-volume/2f585fda-dfbc-4b24-be0f-e7b4132d61a6/node_modules/ipaddr.js"
  410 debug pnpm:link: 
    target: "/rbd/pnpm-volume/2f585fda-dfbc-4b24-be0f-e7b4132d61a6/node_modules/.registry.npmjs.org/is-expression/3.0.0/node_modules/is-expression"
    link: "/rbd/pnpm-volume/2f585fda-dfbc-4b24-be0f-e7b4132d61a6/node_modules/is-expression"
  411 debug pnpm:link: 
    target: "/rbd/pnpm-volume/2f585fda-dfbc-4b24-be0f-e7b4132d61a6/node_modules/.registry.npmjs.org/js-stringify/1.0.2/node_modules/js-stringify"
    link: "/rbd/pnpm-volume/2f585fda-dfbc-4b24-be0f-e7b4132d61a6/node_modules/js-stringify"
  412 debug pnpm:link: 
    target: "/rbd/pnpm-volume/2f585fda-dfbc-4b24-be0f-e7b4132d61a6/node_modules/.registry.npmjs.org/jstransformer/1.0.0/node_modules/jstransformer"
    link: "/rbd/pnpm-volume/2f585fda-dfbc-4b24-be0f-e7b4132d61a6/node_modules/jstransformer"
  413 debug pnpm:link: 
    target: "/rbd/pnpm-volume/2f585fda-dfbc-4b24-be0f-e7b4132d61a6/node_modules/.registry.npmjs.org/media-typer/0.3.0/node_modules/media-typer"
    link: "/rbd/pnpm-volume/2f585fda-dfbc-4b24-be0f-e7b4132d61a6/node_modules/media-typer"
  414 debug pnpm:link: 
    target: "/rbd/pnpm-volume/2f585fda-dfbc-4b24-be0f-e7b4132d61a6/node_modules/.registry.npmjs.org/mime/1.4.1/node_modules/mime"
    link: "/rbd/pnpm-volume/2f585fda-dfbc-4b24-be0f-e7b4132d61a6/node_modules/mime"
  415 debug pnpm:link: 
    target: "/rbd/pnpm-volume/2f585fda-dfbc-4b24-be0f-e7b4132d61a6/node_modules/.registry.npmjs.org/mime-types/2.1.22/node_modules/mime-types"
    link: "/rbd/pnpm-volume/2f585fda-dfbc-4b24-be0f-e7b4132d61a6/node_modules/mime-types"
  416 debug pnpm:link: 
    target: "/rbd/pnpm-volume/2f585fda-dfbc-4b24-be0f-e7b4132d61a6/node_modules/.registry.npmjs.org/ms/2.0.0/node_modules/ms"
    link: "/rbd/pnpm-volume/2f585fda-dfbc-4b24-be0f-e7b4132d61a6/node_modules/ms"
  417 debug pnpm:link: 
    target: "/rbd/pnpm-volume/2f585fda-dfbc-4b24-be0f-e7b4132d61a6/node_modules/.registry.npmjs.org/negotiator/0.6.1/node_modules/negotiator"
    link: "/rbd/pnpm-volume/2f585fda-dfbc-4b24-be0f-e7b4132d61a6/node_modules/negotiator"
  418 debug pnpm:link: 
    target: "/rbd/pnpm-volume/2f585fda-dfbc-4b24-be0f-e7b4132d61a6/node_modules/.registry.npmjs.org/platform/1.3.5/node_modules/platform"
    link: "/rbd/pnpm-volume/2f585fda-dfbc-4b24-be0f-e7b4132d61a6/node_modules/platform"
  419 debug pnpm:link: 
    target: "/rbd/pnpm-volume/2f585fda-dfbc-4b24-be0f-e7b4132d61a6/node_modules/.registry.npmjs.org/pug-attrs/2.0.3/node_modules/pug-attrs"
    link: "/rbd/pnpm-volume/2f585fda-dfbc-4b24-be0f-e7b4132d61a6/node_modules/pug-attrs"
  420 debug pnpm:link: 
    target: "/rbd/pnpm-volume/2f585fda-dfbc-4b24-be0f-e7b4132d61a6/node_modules/.registry.npmjs.org/pug-error/1.3.2/node_modules/pug-error"
    link: "/rbd/pnpm-volume/2f585fda-dfbc-4b24-be0f-e7b4132d61a6/node_modules/pug-error"
  421 debug pnpm:link: 
    target: "/rbd/pnpm-volume/2f585fda-dfbc-4b24-be0f-e7b4132d61a6/node_modules/.registry.npmjs.org/pug-walk/1.1.7/node_modules/pug-walk"
    link: "/rbd/pnpm-volume/2f585fda-dfbc-4b24-be0f-e7b4132d61a6/node_modules/pug-walk"
  422 debug pnpm:link: 
    target: "/rbd/pnpm-volume/2f585fda-dfbc-4b24-be0f-e7b4132d61a6/node_modules/.registry.npmjs.org/random-bytes/1.0.0/node_modules/random-bytes"
    link: "/rbd/pnpm-volume/2f585fda-dfbc-4b24-be0f-e7b4132d61a6/node_modules/random-bytes"
  423 debug pnpm:link: 
    target: "/rbd/pnpm-volume/2f585fda-dfbc-4b24-be0f-e7b4132d61a6/node_modules/.registry.npmjs.org/require_optional/1.0.1/node_modules/require_optional"
    link: "/rbd/pnpm-volume/2f585fda-dfbc-4b24-be0f-e7b4132d61a6/node_modules/require_optional"
  424 debug pnpm:link: 
    target: "/rbd/pnpm-volume/2f585fda-dfbc-4b24-be0f-e7b4132d61a6/node_modules/.registry.npmjs.org/resolve/1.10.0/node_modules/resolve"
    link: "/rbd/pnpm-volume/2f585fda-dfbc-4b24-be0f-e7b4132d61a6/node_modules/resolve"
  425 debug pnpm:link: 
    target: "/rbd/pnpm-volume/2f585fda-dfbc-4b24-be0f-e7b4132d61a6/node_modules/.registry.npmjs.org/safer-buffer/2.1.2/node_modules/safer-buffer"
    link: "/rbd/pnpm-volume/2f585fda-dfbc-4b24-be0f-e7b4132d61a6/node_modules/safer-buffer"
  426 debug pnpm:link: 
    target: "/rbd/pnpm-volume/2f585fda-dfbc-4b24-be0f-e7b4132d61a6/node_modules/.registry.npmjs.org/saslprep/1.0.2/node_modules/saslprep"
    link: "/rbd/pnpm-volume/2f585fda-dfbc-4b24-be0f-e7b4132d61a6/node_modules/saslprep"
  427 debug pnpm:link: 
    target: "/rbd/pnpm-volume/2f585fda-dfbc-4b24-be0f-e7b4132d61a6/node_modules/.registry.npmjs.org/token-stream/0.0.1/node_modules/token-stream"
    link: "/rbd/pnpm-volume/2f585fda-dfbc-4b24-be0f-e7b4132d61a6/node_modules/token-stream"
  428 debug pnpm:link: 
    target: "/rbd/pnpm-volume/2f585fda-dfbc-4b24-be0f-e7b4132d61a6/node_modules/.registry.npmjs.org/uglify-js/2.8.29/node_modules/uglify-js"
    link: "/rbd/pnpm-volume/2f585fda-dfbc-4b24-be0f-e7b4132d61a6/node_modules/uglify-js"
  429 debug pnpm:link: 
    target: "/rbd/pnpm-volume/2f585fda-dfbc-4b24-be0f-e7b4132d61a6/node_modules/.registry.npmjs.org/unpipe/1.0.0/node_modules/unpipe"
    link: "/rbd/pnpm-volume/2f585fda-dfbc-4b24-be0f-e7b4132d61a6/node_modules/unpipe"
  430 debug pnpm:link: 
    target: "/rbd/pnpm-volume/2f585fda-dfbc-4b24-be0f-e7b4132d61a6/node_modules/.registry.npmjs.org/void-elements/2.0.1/node_modules/void-elements"
    link: "/rbd/pnpm-volume/2f585fda-dfbc-4b24-be0f-e7b4132d61a6/node_modules/void-elements"
  431 debug pnpm:link: 
    target: "/rbd/pnpm-volume/2f585fda-dfbc-4b24-be0f-e7b4132d61a6/node_modules/.registry.npmjs.org/with/5.1.1/node_modules/with"
    link: "/rbd/pnpm-volume/2f585fda-dfbc-4b24-be0f-e7b4132d61a6/node_modules/with"
  432 debug pnpm:link: 
    target: "/rbd/pnpm-volume/2f585fda-dfbc-4b24-be0f-e7b4132d61a6/node_modules/.registry.npmjs.org/@types/babel-types/7.0.6/node_modules/@types/babel-types"
    link: "/rbd/pnpm-volume/2f585fda-dfbc-4b24-be0f-e7b4132d61a6/node_modules/@types/babel-types"
  433 debug pnpm:link: 
    target: "/rbd/pnpm-volume/2f585fda-dfbc-4b24-be0f-e7b4132d61a6/node_modules/.registry.npmjs.org/@types/babylon/6.16.5/node_modules/@types/babylon"
    link: "/rbd/pnpm-volume/2f585fda-dfbc-4b24-be0f-e7b4132d61a6/node_modules/@types/babylon"
  434 debug pnpm:link: 
    target: "/rbd/pnpm-volume/2f585fda-dfbc-4b24-be0f-e7b4132d61a6/node_modules/.registry.npmjs.org/acorn/4.0.13/node_modules/acorn"
    link: "/rbd/pnpm-volume/2f585fda-dfbc-4b24-be0f-e7b4132d61a6/node_modules/acorn"
  435 debug pnpm:link: 
    target: "/rbd/pnpm-volume/2f585fda-dfbc-4b24-be0f-e7b4132d61a6/node_modules/.registry.npmjs.org/acorn-globals/3.1.0/node_modules/acorn-globals"
    link: "/rbd/pnpm-volume/2f585fda-dfbc-4b24-be0f-e7b4132d61a6/node_modules/acorn-globals"
  436 debug pnpm:link: 
    target: "/rbd/pnpm-volume/2f585fda-dfbc-4b24-be0f-e7b4132d61a6/node_modules/.registry.npmjs.org/babel-types/6.26.0/node_modules/babel-types"
    link: "/rbd/pnpm-volume/2f585fda-dfbc-4b24-be0f-e7b4132d61a6/node_modules/babel-types"
  437 debug pnpm:link: 
    target: "/rbd/pnpm-volume/2f585fda-dfbc-4b24-be0f-e7b4132d61a6/node_modules/.registry.npmjs.org/babylon/6.18.0/node_modules/babylon"
    link: "/rbd/pnpm-volume/2f585fda-dfbc-4b24-be0f-e7b4132d61a6/node_modules/babylon"
  438 debug pnpm:link: 
    target: "/rbd/pnpm-volume/2f585fda-dfbc-4b24-be0f-e7b4132d61a6/node_modules/.registry.npmjs.org/is-promise/2.1.0/node_modules/is-promise"
    link: "/rbd/pnpm-volume/2f585fda-dfbc-4b24-be0f-e7b4132d61a6/node_modules/is-promise"
  439 debug pnpm:link: 
    target: "/rbd/pnpm-volume/2f585fda-dfbc-4b24-be0f-e7b4132d61a6/node_modules/.registry.npmjs.org/is-regex/1.0.4/node_modules/is-regex"
    link: "/rbd/pnpm-volume/2f585fda-dfbc-4b24-be0f-e7b4132d61a6/node_modules/is-regex"
  440 debug pnpm:link: 
    target: "/rbd/pnpm-volume/2f585fda-dfbc-4b24-be0f-e7b4132d61a6/node_modules/.registry.npmjs.org/mime-db/1.38.0/node_modules/mime-db"
    link: "/rbd/pnpm-volume/2f585fda-dfbc-4b24-be0f-e7b4132d61a6/node_modules/mime-db"
  441 debug pnpm:link: 
    target: "/rbd/pnpm-volume/2f585fda-dfbc-4b24-be0f-e7b4132d61a6/node_modules/.registry.npmjs.org/path-parse/1.0.6/node_modules/path-parse"
    link: "/rbd/pnpm-volume/2f585fda-dfbc-4b24-be0f-e7b4132d61a6/node_modules/path-parse"
  442 debug pnpm:link: 
    target: "/rbd/pnpm-volume/2f585fda-dfbc-4b24-be0f-e7b4132d61a6/node_modules/.registry.npmjs.org/promise/7.3.1/node_modules/promise"
    link: "/rbd/pnpm-volume/2f585fda-dfbc-4b24-be0f-e7b4132d61a6/node_modules/promise"
  443 debug pnpm:link: 
    target: "/rbd/pnpm-volume/2f585fda-dfbc-4b24-be0f-e7b4132d61a6/node_modules/.registry.npmjs.org/resolve-from/2.0.0/node_modules/resolve-from"
    link: "/rbd/pnpm-volume/2f585fda-dfbc-4b24-be0f-e7b4132d61a6/node_modules/resolve-from"
  444 debug pnpm:link: 
    target: "/rbd/pnpm-volume/2f585fda-dfbc-4b24-be0f-e7b4132d61a6/node_modules/.registry.npmjs.org/semver/5.6.0/node_modules/semver"
    link: "/rbd/pnpm-volume/2f585fda-dfbc-4b24-be0f-e7b4132d61a6/node_modules/semver"
  445 debug pnpm:link: 
    target: "/rbd/pnpm-volume/2f585fda-dfbc-4b24-be0f-e7b4132d61a6/node_modules/.registry.npmjs.org/source-map/0.6.1/node_modules/source-map"
    link: "/rbd/pnpm-volume/2f585fda-dfbc-4b24-be0f-e7b4132d61a6/node_modules/source-map"
  446 debug pnpm:link: 
    target: "/rbd/pnpm-volume/2f585fda-dfbc-4b24-be0f-e7b4132d61a6/node_modules/.registry.npmjs.org/sparse-bitfield/3.0.3/node_modules/sparse-bitfield"
    link: "/rbd/pnpm-volume/2f585fda-dfbc-4b24-be0f-e7b4132d61a6/node_modules/sparse-bitfield"
  447 debug pnpm:link: 
    target: "/rbd/pnpm-volume/2f585fda-dfbc-4b24-be0f-e7b4132d61a6/node_modules/.registry.npmjs.org/uglify-to-browserify/1.0.2/node_modules/uglify-to-browserify"
    link: "/rbd/pnpm-volume/2f585fda-dfbc-4b24-be0f-e7b4132d61a6/node_modules/uglify-to-browserify"
  448 debug pnpm:link: 
    target: "/rbd/pnpm-volume/2f585fda-dfbc-4b24-be0f-e7b4132d61a6/node_modules/.registry.npmjs.org/yargs/3.10.0/node_modules/yargs"
    link: "/rbd/pnpm-volume/2f585fda-dfbc-4b24-be0f-e7b4132d61a6/node_modules/yargs"
  449 debug pnpm:link: 
    target: "/rbd/pnpm-volume/2f585fda-dfbc-4b24-be0f-e7b4132d61a6/node_modules/.registry.npmjs.org/asap/2.0.6/node_modules/asap"
    link: "/rbd/pnpm-volume/2f585fda-dfbc-4b24-be0f-e7b4132d61a6/node_modules/asap"
  450 debug pnpm:link: 
    target: "/rbd/pnpm-volume/2f585fda-dfbc-4b24-be0f-e7b4132d61a6/node_modules/.registry.npmjs.org/babel-runtime/6.26.0/node_modules/babel-runtime"
    link: "/rbd/pnpm-volume/2f585fda-dfbc-4b24-be0f-e7b4132d61a6/node_modules/babel-runtime"
  451 debug pnpm:link: 
    target: "/rbd/pnpm-volume/2f585fda-dfbc-4b24-be0f-e7b4132d61a6/node_modules/.registry.npmjs.org/camelcase/1.2.1/node_modules/camelcase"
    link: "/rbd/pnpm-volume/2f585fda-dfbc-4b24-be0f-e7b4132d61a6/node_modules/camelcase"
  452 debug pnpm:link: 
    target: "/rbd/pnpm-volume/2f585fda-dfbc-4b24-be0f-e7b4132d61a6/node_modules/.registry.npmjs.org/cliui/2.1.0/node_modules/cliui"
    link: "/rbd/pnpm-volume/2f585fda-dfbc-4b24-be0f-e7b4132d61a6/node_modules/cliui"
  453 debug pnpm:link: 
    target: "/rbd/pnpm-volume/2f585fda-dfbc-4b24-be0f-e7b4132d61a6/node_modules/.registry.npmjs.org/decamelize/1.2.0/node_modules/decamelize"
    link: "/rbd/pnpm-volume/2f585fda-dfbc-4b24-be0f-e7b4132d61a6/node_modules/decamelize"
  454 debug pnpm:link: 
    target: "/rbd/pnpm-volume/2f585fda-dfbc-4b24-be0f-e7b4132d61a6/node_modules/.registry.npmjs.org/esutils/2.0.2/node_modules/esutils"
    link: "/rbd/pnpm-volume/2f585fda-dfbc-4b24-be0f-e7b4132d61a6/node_modules/esutils"
  455 debug pnpm:link: 
    target: "/rbd/pnpm-volume/2f585fda-dfbc-4b24-be0f-e7b4132d61a6/node_modules/.registry.npmjs.org/has/1.0.3/node_modules/has"
    link: "/rbd/pnpm-volume/2f585fda-dfbc-4b24-be0f-e7b4132d61a6/node_modules/has"
  456 debug pnpm:link: 
    target: "/rbd/pnpm-volume/2f585fda-dfbc-4b24-be0f-e7b4132d61a6/node_modules/.registry.npmjs.org/lodash/4.17.11/node_modules/lodash"
    link: "/rbd/pnpm-volume/2f585fda-dfbc-4b24-be0f-e7b4132d61a6/node_modules/lodash"
  457 debug pnpm:link: 
    target: "/rbd/pnpm-volume/2f585fda-dfbc-4b24-be0f-e7b4132d61a6/node_modules/.registry.npmjs.org/memory-pager/1.5.0/node_modules/memory-pager"
    link: "/rbd/pnpm-volume/2f585fda-dfbc-4b24-be0f-e7b4132d61a6/node_modules/memory-pager"
  458 debug pnpm:link: 
    target: "/rbd/pnpm-volume/2f585fda-dfbc-4b24-be0f-e7b4132d61a6/node_modules/.registry.npmjs.org/to-fast-properties/1.0.3/node_modules/to-fast-properties"
    link: "/rbd/pnpm-volume/2f585fda-dfbc-4b24-be0f-e7b4132d61a6/node_modules/to-fast-properties"
  459 debug pnpm:link: 
    target: "/rbd/pnpm-volume/2f585fda-dfbc-4b24-be0f-e7b4132d61a6/node_modules/.registry.npmjs.org/window-size/0.1.0/node_modules/window-size"
    link: "/rbd/pnpm-volume/2f585fda-dfbc-4b24-be0f-e7b4132d61a6/node_modules/window-size"
  460 debug pnpm:link: 
    target: "/rbd/pnpm-volume/2f585fda-dfbc-4b24-be0f-e7b4132d61a6/node_modules/.registry.npmjs.org/center-align/0.1.3/node_modules/center-align"
    link: "/rbd/pnpm-volume/2f585fda-dfbc-4b24-be0f-e7b4132d61a6/node_modules/center-align"
  461 debug pnpm:link: 
    target: "/rbd/pnpm-volume/2f585fda-dfbc-4b24-be0f-e7b4132d61a6/node_modules/.registry.npmjs.org/core-js/2.6.5/node_modules/core-js"
    link: "/rbd/pnpm-volume/2f585fda-dfbc-4b24-be0f-e7b4132d61a6/node_modules/core-js"
  462 debug pnpm:link: 
    target: "/rbd/pnpm-volume/2f585fda-dfbc-4b24-be0f-e7b4132d61a6/node_modules/.registry.npmjs.org/function-bind/1.1.1/node_modules/function-bind"
    link: "/rbd/pnpm-volume/2f585fda-dfbc-4b24-be0f-e7b4132d61a6/node_modules/function-bind"
  463 debug pnpm:link: 
    target: "/rbd/pnpm-volume/2f585fda-dfbc-4b24-be0f-e7b4132d61a6/node_modules/.registry.npmjs.org/regenerator-runtime/0.11.1/node_modules/regenerator-runtime"
    link: "/rbd/pnpm-volume/2f585fda-dfbc-4b24-be0f-e7b4132d61a6/node_modules/regenerator-runtime"
  464 debug pnpm:link: 
    target: "/rbd/pnpm-volume/2f585fda-dfbc-4b24-be0f-e7b4132d61a6/node_modules/.registry.npmjs.org/right-align/0.1.3/node_modules/right-align"
    link: "/rbd/pnpm-volume/2f585fda-dfbc-4b24-be0f-e7b4132d61a6/node_modules/right-align"
  465 debug pnpm:link: 
    target: "/rbd/pnpm-volume/2f585fda-dfbc-4b24-be0f-e7b4132d61a6/node_modules/.registry.npmjs.org/wordwrap/0.0.2/node_modules/wordwrap"
    link: "/rbd/pnpm-volume/2f585fda-dfbc-4b24-be0f-e7b4132d61a6/node_modules/wordwrap"
  466 debug pnpm:link: 
    target: "/rbd/pnpm-volume/2f585fda-dfbc-4b24-be0f-e7b4132d61a6/node_modules/.registry.npmjs.org/align-text/0.1.4/node_modules/align-text"
    link: "/rbd/pnpm-volume/2f585fda-dfbc-4b24-be0f-e7b4132d61a6/node_modules/align-text"
  467 debug pnpm:link: 
    target: "/rbd/pnpm-volume/2f585fda-dfbc-4b24-be0f-e7b4132d61a6/node_modules/.registry.npmjs.org/lazy-cache/1.0.4/node_modules/lazy-cache"
    link: "/rbd/pnpm-volume/2f585fda-dfbc-4b24-be0f-e7b4132d61a6/node_modules/lazy-cache"
  468 debug pnpm:link: 
    target: "/rbd/pnpm-volume/2f585fda-dfbc-4b24-be0f-e7b4132d61a6/node_modules/.registry.npmjs.org/kind-of/3.2.2/node_modules/kind-of"
    link: "/rbd/pnpm-volume/2f585fda-dfbc-4b24-be0f-e7b4132d61a6/node_modules/kind-of"
  469 debug pnpm:link: 
    target: "/rbd/pnpm-volume/2f585fda-dfbc-4b24-be0f-e7b4132d61a6/node_modules/.registry.npmjs.org/longest/1.0.1/node_modules/longest"
    link: "/rbd/pnpm-volume/2f585fda-dfbc-4b24-be0f-e7b4132d61a6/node_modules/longest"
  470 debug pnpm:link: 
    target: "/rbd/pnpm-volume/2f585fda-dfbc-4b24-be0f-e7b4132d61a6/node_modules/.registry.npmjs.org/repeat-string/1.6.1/node_modules/repeat-string"
    link: "/rbd/pnpm-volume/2f585fda-dfbc-4b24-be0f-e7b4132d61a6/node_modules/repeat-string"
  471 debug pnpm:link: 
    target: "/rbd/pnpm-volume/2f585fda-dfbc-4b24-be0f-e7b4132d61a6/node_modules/.registry.npmjs.org/is-buffer/1.1.6/node_modules/is-buffer"
    link: "/rbd/pnpm-volume/2f585fda-dfbc-4b24-be0f-e7b4132d61a6/node_modules/is-buffer"
  472 error pnpm: 
    message: 
      errno: -2
      code: "ENOENT"
      syscall: "chmod"
      path: "/rbd/pnpm-volume/2f585fda-dfbc-4b24-be0f-e7b4132d61a6/node_modules/node/bin/node"
    err: 
      name: "Error"
      message: "ENOENT: no such file or directory, chmod '/rbd/pnpm-volume/2f585fda-dfbc-4b24-be0f-e7b4132d61a6/node_modules/node/bin/node'"
      code: "ENOENT"
      stack: "Error: ENOENT: no such file or directory, chmod '/rbd/pnpm-volume/2f585fda-dfbc-4b24-be0f-e7b4132d61a6/node_modules/node/bin/node'"
